{"/home/travis/build/npmtest/node-npmtest-uglifycss/test.js":{"path":"/home/travis/build/npmtest/node-npmtest-uglifycss/test.js","s":{"1":2,"2":2,"3":2,"4":2,"5":2,"6":2,"7":2,"8":1,"9":2,"10":2,"11":1,"12":1,"13":1,"14":1,"15":2,"16":2,"17":2,"18":2,"19":1,"20":1,"21":2,"22":2,"23":2,"24":1,"25":1,"26":1,"27":1,"28":1,"29":1,"30":1,"31":1,"32":1,"33":1,"34":1,"35":1,"36":1,"37":2,"38":2,"39":1,"40":2,"41":2,"42":1,"43":2,"44":2,"45":1,"46":2,"47":2,"48":1,"49":1,"50":1,"51":1,"52":1},"b":{"1":[2,1,1,1],"2":[1,1,1,1],"3":[1,1],"4":[1,1],"5":[1,1],"6":[1,1],"7":[1,1],"8":[1,1],"9":[1,1,1],"10":[1,1],"11":[1,1],"12":[1,1],"13":[1,1],"14":[1,1],"15":[1,1],"16":[1,1]},"f":{"1":2,"2":2,"3":2,"4":2,"5":2,"6":1,"7":1,"8":2,"9":2,"10":2,"11":2,"12":1},"fnMap":{"1":{"name":"(anonymous_1)","line":12,"loc":{"start":{"line":12,"column":1},"end":{"line":12,"column":13}}},"2":{"name":"(anonymous_2)","line":19,"loc":{"start":{"line":19,"column":5},"end":{"line":19,"column":17}}},"3":{"name":"(anonymous_3)","line":23,"loc":{"start":{"line":23,"column":24},"end":{"line":23,"column":36}}},"4":{"name":"(anonymous_4)","line":61,"loc":{"start":{"line":61,"column":5},"end":{"line":61,"column":17}}},"5":{"name":"(anonymous_5)","line":82,"loc":{"start":{"line":82,"column":5},"end":{"line":82,"column":17}}},"6":{"name":"(anonymous_6)","line":102,"loc":{"start":{"line":102,"column":83},"end":{"line":105,"column":10}},"skip":true},"7":{"name":"(anonymous_7)","line":113,"loc":{"start":{"line":113,"column":77},"end":{"line":116,"column":10}},"skip":true},"8":{"name":"(anonymous_8)","line":129,"loc":{"start":{"line":129,"column":12},"end":{"line":129,"column":40}},"skip":true},"9":{"name":"(anonymous_9)","line":137,"loc":{"start":{"line":137,"column":77},"end":{"line":140,"column":10}},"skip":true},"10":{"name":"(anonymous_10)","line":148,"loc":{"start":{"line":148,"column":83},"end":{"line":151,"column":10}},"skip":true},"11":{"name":"(anonymous_11)","line":159,"loc":{"start":{"line":159,"column":79},"end":{"line":162,"column":10}},"skip":true},"12":{"name":"(anonymous_12)","line":170,"loc":{"start":{"line":170,"column":75},"end":{"line":173,"column":10}},"skip":true}},"statementMap":{"1":{"start":{"line":12,"column":0},"end":{"line":185,"column":5}},"2":{"start":{"line":14,"column":4},"end":{"line":14,"column":14}},"3":{"start":{"line":19,"column":4},"end":{"line":56,"column":9}},"4":{"start":{"line":21,"column":8},"end":{"line":21,"column":19}},"5":{"start":{"line":23,"column":8},"end":{"line":35,"column":13}},"6":{"start":{"line":24,"column":12},"end":{"line":34,"column":13}},"7":{"start":{"line":25,"column":16},"end":{"line":28,"column":30}},"8":{"start":{"line":30,"column":16},"end":{"line":33,"column":27}},"9":{"start":{"line":37,"column":8},"end":{"line":39,"column":21}},"10":{"start":{"line":40,"column":8},"end":{"line":53,"column":9}},"11":{"start":{"line":43,"column":12},"end":{"line":46,"column":14}},"12":{"start":{"line":47,"column":12},"end":{"line":47,"column":18}},"13":{"start":{"line":50,"column":12},"end":{"line":51,"column":46}},"14":{"start":{"line":52,"column":12},"end":{"line":52,"column":18}},"15":{"start":{"line":55,"column":8},"end":{"line":55,"column":35}},"16":{"start":{"line":61,"column":4},"end":{"line":63,"column":9}},"17":{"start":{"line":62,"column":8},"end":{"line":62,"column":15}},"18":{"start":{"line":64,"column":4},"end":{"line":77,"column":5}},"19":{"start":{"line":70,"column":8},"end":{"line":70,"column":14}},"20":{"start":{"line":76,"column":8},"end":{"line":76,"column":14}},"21":{"start":{"line":82,"column":4},"end":{"line":84,"column":9}},"22":{"start":{"line":83,"column":8},"end":{"line":83,"column":15}},"23":{"start":{"line":85,"column":4},"end":{"line":184,"column":5}},"24":{"start":{"line":92,"column":8},"end":{"line":94,"column":63}},"25":{"start":{"line":95,"column":8},"end":{"line":95,"column":14}},"26":{"start":{"line":102,"column":8},"end":{"line":111,"column":10},"skip":true},"27":{"start":{"line":109,"column":12},"end":{"line":109,"column":55},"skip":true},"28":{"start":{"line":110,"column":12},"end":{"line":110,"column":48},"skip":true},"29":{"start":{"line":113,"column":8},"end":{"line":126,"column":10},"skip":true},"30":{"start":{"line":120,"column":12},"end":{"line":120,"column":76},"skip":true},"31":{"start":{"line":121,"column":12},"end":{"line":121,"column":73},"skip":true},"32":{"start":{"line":122,"column":12},"end":{"line":122,"column":74},"skip":true},"33":{"start":{"line":123,"column":12},"end":{"line":123,"column":79},"skip":true},"34":{"start":{"line":124,"column":12},"end":{"line":124,"column":25},"skip":true},"35":{"start":{"line":125,"column":12},"end":{"line":125,"column":45},"skip":true},"36":{"start":{"line":128,"column":8},"end":{"line":135,"column":14},"skip":true},"37":{"start":{"line":133,"column":16},"end":{"line":133,"column":29},"skip":true},"38":{"start":{"line":134,"column":16},"end":{"line":134,"column":55},"skip":true},"39":{"start":{"line":137,"column":8},"end":{"line":146,"column":10},"skip":true},"40":{"start":{"line":144,"column":12},"end":{"line":144,"column":25},"skip":true},"41":{"start":{"line":145,"column":12},"end":{"line":145,"column":45},"skip":true},"42":{"start":{"line":148,"column":8},"end":{"line":157,"column":10},"skip":true},"43":{"start":{"line":155,"column":12},"end":{"line":155,"column":25},"skip":true},"44":{"start":{"line":156,"column":12},"end":{"line":156,"column":48},"skip":true},"45":{"start":{"line":159,"column":8},"end":{"line":168,"column":10},"skip":true},"46":{"start":{"line":166,"column":12},"end":{"line":166,"column":25},"skip":true},"47":{"start":{"line":167,"column":12},"end":{"line":167,"column":46},"skip":true},"48":{"start":{"line":170,"column":8},"end":{"line":179,"column":10},"skip":true},"49":{"start":{"line":177,"column":12},"end":{"line":177,"column":94},"skip":true},"50":{"start":{"line":178,"column":12},"end":{"line":178,"column":48},"skip":true},"51":{"start":{"line":182,"column":8},"end":{"line":182,"column":35},"skip":true},"52":{"start":{"line":183,"column":8},"end":{"line":183,"column":14},"skip":true}},"branchMap":{"1":{"line":25,"type":"binary-expr","locations":[{"start":{"line":25,"column":23},"end":{"line":25,"column":62}},{"start":{"line":26,"column":20},"end":{"line":26,"column":70}},{"start":{"line":27,"column":20},"end":{"line":27,"column":71}},{"start":{"line":28,"column":20},"end":{"line":28,"column":29}}]},"2":{"line":30,"type":"binary-expr","locations":[{"start":{"line":30,"column":23},"end":{"line":30,"column":37}},{"start":{"line":31,"column":20},"end":{"line":31,"column":61}},{"start":{"line":32,"column":20},"end":{"line":32,"column":70}},{"start":{"line":33,"column":20},"end":{"line":33,"column":26}}]},"3":{"line":37,"type":"cond-expr","locations":[{"start":{"line":38,"column":14},"end":{"line":38,"column":20}},{"start":{"line":39,"column":14},"end":{"line":39,"column":20}}]},"4":{"line":40,"type":"switch","locations":[{"start":{"line":42,"column":8},"end":{"line":47,"column":18}},{"start":{"line":49,"column":8},"end":{"line":52,"column":18}}]},"5":{"line":44,"type":"binary-expr","locations":[{"start":{"line":44,"column":16},"end":{"line":44,"column":44}},{"start":{"line":44,"column":48},"end":{"line":44,"column":66}}]},"6":{"line":50,"type":"binary-expr","locations":[{"start":{"line":50,"column":21},"end":{"line":50,"column":49}},{"start":{"line":50,"column":53},"end":{"line":50,"column":72}}]},"7":{"line":64,"type":"switch","locations":[{"start":{"line":69,"column":4},"end":{"line":70,"column":14}},{"start":{"line":75,"column":4},"end":{"line":76,"column":14}}]},"8":{"line":85,"type":"switch","locations":[{"start":{"line":90,"column":4},"end":{"line":95,"column":14}},{"start":{"line":101,"column":4},"end":{"line":183,"column":14},"skip":true}]},"9":{"line":92,"type":"binary-expr","locations":[{"start":{"line":92,"column":18},"end":{"line":92,"column":32}},{"start":{"line":93,"column":12},"end":{"line":93,"column":53}},{"start":{"line":94,"column":12},"end":{"line":94,"column":61}}]},"10":{"line":102,"type":"binary-expr","locations":[{"start":{"line":102,"column":45},"end":{"line":102,"column":79},"skip":true},{"start":{"line":102,"column":83},"end":{"line":111,"column":9},"skip":true}]},"11":{"line":113,"type":"binary-expr","locations":[{"start":{"line":113,"column":42},"end":{"line":113,"column":73},"skip":true},{"start":{"line":113,"column":77},"end":{"line":126,"column":9},"skip":true}]},"12":{"line":128,"type":"binary-expr","locations":[{"start":{"line":128,"column":48},"end":{"line":128,"column":85},"skip":true},{"start":{"line":129,"column":12},"end":{"line":135,"column":13},"skip":true}]},"13":{"line":137,"type":"binary-expr","locations":[{"start":{"line":137,"column":42},"end":{"line":137,"column":73},"skip":true},{"start":{"line":137,"column":77},"end":{"line":146,"column":9},"skip":true}]},"14":{"line":148,"type":"binary-expr","locations":[{"start":{"line":148,"column":45},"end":{"line":148,"column":79},"skip":true},{"start":{"line":148,"column":83},"end":{"line":157,"column":9},"skip":true}]},"15":{"line":159,"type":"binary-expr","locations":[{"start":{"line":159,"column":43},"end":{"line":159,"column":75},"skip":true},{"start":{"line":159,"column":79},"end":{"line":168,"column":9},"skip":true}]},"16":{"line":170,"type":"binary-expr","locations":[{"start":{"line":170,"column":41},"end":{"line":170,"column":71},"skip":true},{"start":{"line":170,"column":75},"end":{"line":179,"column":9},"skip":true}]}},"code":["/* istanbul instrument in package npmtest_uglifycss */","/*jslint","    bitwise: true,","    browser: true,","    maxerr: 8,","    maxlen: 96,","    node: true,","    nomen: true,","    regexp: true,","    stupid: true","*/","(function () {","    'use strict';","    var local;","","","","    // run shared js-env code - pre-init","    (function () {","        // init local","        local = {};","        // init modeJs","        local.modeJs = (function () {","            try {","                return typeof navigator.userAgent === 'string' &&","                    typeof document.querySelector('body') === 'object' &&","                    typeof XMLHttpRequest.prototype.open === 'function' &&","                    'browser';","            } catch (errorCaughtBrowser) {","                return module.exports &&","                    typeof process.versions.node === 'string' &&","                    typeof require('http').createServer === 'function' &&","                    'node';","            }","        }());","        // init global","        local.global = local.modeJs === 'browser'","            ? window","            : global;","        switch (local.modeJs) {","        // re-init local from window.local","        case 'browser':","            local = local.global.utility2.objectSetDefault(","                local.global.utility2_rollup || local.global.local,","                local.global.utility2","            );","            break;","        // re-init local from example.js","        case 'node':","            local = (local.global.utility2_rollup || require('utility2'))","                .requireExampleJsFromReadme();","            break;","        }","        // export local","        local.global.local = local;","    }());","","","","    // run shared js-env code - function","    (function () {","        return;","    }());","    switch (local.modeJs) {","","","","    // run browser js-env code - function","    case 'browser':","        break;","","","","    // run node js-env code - function","    case 'node':","        break;","    }","","","","    // run shared js-env code - post-init","    (function () {","        return;","    }());","    switch (local.modeJs) {","","","","    // run browser js-env code - post-init","    case 'browser':","        // run tests","        local.nop(local.modeTest &&","            document.querySelector('#testRunButton1') &&","            document.querySelector('#testRunButton1').click());","        break;","","","","    // run node js-env code - post-init","    /* istanbul ignore next */","    case 'node':","        local.testCase_buildApidoc_default = local.testCase_buildApidoc_default || function (","            options,","            onError","        ) {","        /*","         * this function will test buildApidoc's default handling-behavior-behavior","         */","            options = { modulePathList: module.paths };","            local.buildApidoc(options, onError);","        };","","        local.testCase_buildApp_default = local.testCase_buildApp_default || function (","            options,","            onError","        ) {","        /*","         * this function will test buildApp's default handling-behavior-behavior","         */","            local.testCase_buildReadme_default(options, local.onErrorThrow);","            local.testCase_buildLib_default(options, local.onErrorThrow);","            local.testCase_buildTest_default(options, local.onErrorThrow);","            local.testCase_buildCustomOrg_default(options, local.onErrorThrow);","            options = [];","            local.buildApp(options, onError);","        };","","        local.testCase_buildCustomOrg_default = local.testCase_buildCustomOrg_default ||","            function (options, onError) {","            /*","             * this function will test buildCustomOrg's default handling-behavior","             */","                options = {};","                local.buildCustomOrg(options, onError);","            };","","        local.testCase_buildLib_default = local.testCase_buildLib_default || function (","            options,","            onError","        ) {","        /*","         * this function will test buildLib's default handling-behavior","         */","            options = {};","            local.buildLib(options, onError);","        };","","        local.testCase_buildReadme_default = local.testCase_buildReadme_default || function (","            options,","            onError","        ) {","        /*","         * this function will test buildReadme's default handling-behavior-behavior","         */","            options = {};","            local.buildReadme(options, onError);","        };","","        local.testCase_buildTest_default = local.testCase_buildTest_default || function (","            options,","            onError","        ) {","        /*","         * this function will test buildTest's default handling-behavior","         */","            options = {};","            local.buildTest(options, onError);","        };","","        local.testCase_webpage_default = local.testCase_webpage_default || function (","            options,","            onError","        ) {","        /*","         * this function will test webpage's default handling-behavior","         */","            options = { modeCoverageMerge: true, url: local.serverLocalHost + '?modeTest=1' };","            local.browserTest(options, onError);","        };","","        // run test-server","        local.testRunServer(local);","        break;","    }","}());",""],"l":{"12":2,"14":2,"19":2,"21":2,"23":2,"24":2,"25":2,"30":1,"37":2,"40":2,"43":1,"47":1,"50":1,"52":1,"55":2,"61":2,"62":2,"64":2,"70":1,"76":1,"82":2,"83":2,"85":2,"92":1,"95":1,"102":1,"109":1,"110":1,"113":1,"120":1,"121":1,"122":1,"123":1,"124":1,"125":1,"128":1,"133":2,"134":2,"137":1,"144":2,"145":2,"148":1,"155":2,"156":2,"159":1,"166":2,"167":2,"170":1,"177":1,"178":1,"182":1,"183":1}},"/home/travis/build/npmtest/node-npmtest-uglifycss/lib.npmtest_uglifycss.js":{"path":"/home/travis/build/npmtest/node-npmtest-uglifycss/lib.npmtest_uglifycss.js","s":{"1":2,"2":2,"3":2,"4":2,"5":2,"6":2,"7":2,"8":1,"9":2,"10":2,"11":2,"12":2,"13":1,"14":1,"15":1,"16":1},"b":{"1":[2,1,1,1],"2":[1,1,1,1],"3":[1,1],"4":[2,2],"5":[1,1]},"f":{"1":2,"2":2,"3":2},"fnMap":{"1":{"name":"(anonymous_1)","line":12,"loc":{"start":{"line":12,"column":1},"end":{"line":12,"column":13}}},"2":{"name":"(anonymous_2)","line":19,"loc":{"start":{"line":19,"column":5},"end":{"line":19,"column":17}}},"3":{"name":"(anonymous_3)","line":23,"loc":{"start":{"line":23,"column":24},"end":{"line":23,"column":36}}}},"statementMap":{"1":{"start":{"line":12,"column":0},"end":{"line":53,"column":5}},"2":{"start":{"line":14,"column":4},"end":{"line":14,"column":14}},"3":{"start":{"line":19,"column":4},"end":{"line":52,"column":9}},"4":{"start":{"line":21,"column":8},"end":{"line":21,"column":19}},"5":{"start":{"line":23,"column":8},"end":{"line":35,"column":13}},"6":{"start":{"line":24,"column":12},"end":{"line":34,"column":13}},"7":{"start":{"line":25,"column":16},"end":{"line":28,"column":30}},"8":{"start":{"line":30,"column":16},"end":{"line":33,"column":27}},"9":{"start":{"line":37,"column":8},"end":{"line":39,"column":21}},"10":{"start":{"line":41,"column":8},"end":{"line":41,"column":54}},"11":{"start":{"line":43,"column":8},"end":{"line":43,"column":54}},"12":{"start":{"line":45,"column":8},"end":{"line":51,"column":9}},"13":{"start":{"line":46,"column":12},"end":{"line":46,"column":60}},"14":{"start":{"line":48,"column":12},"end":{"line":48,"column":35}},"15":{"start":{"line":49,"column":12},"end":{"line":49,"column":49}},"16":{"start":{"line":50,"column":12},"end":{"line":50,"column":43}}},"branchMap":{"1":{"line":25,"type":"binary-expr","locations":[{"start":{"line":25,"column":23},"end":{"line":25,"column":62}},{"start":{"line":26,"column":20},"end":{"line":26,"column":70}},{"start":{"line":27,"column":20},"end":{"line":27,"column":71}},{"start":{"line":28,"column":20},"end":{"line":28,"column":29}}]},"2":{"line":30,"type":"binary-expr","locations":[{"start":{"line":30,"column":23},"end":{"line":30,"column":37}},{"start":{"line":31,"column":20},"end":{"line":31,"column":61}},{"start":{"line":32,"column":20},"end":{"line":32,"column":70}},{"start":{"line":33,"column":20},"end":{"line":33,"column":26}}]},"3":{"line":37,"type":"cond-expr","locations":[{"start":{"line":38,"column":14},"end":{"line":38,"column":20}},{"start":{"line":39,"column":14},"end":{"line":39,"column":20}}]},"4":{"line":41,"type":"binary-expr","locations":[{"start":{"line":41,"column":16},"end":{"line":41,"column":44}},{"start":{"line":41,"column":48},"end":{"line":41,"column":53}}]},"5":{"line":45,"type":"if","locations":[{"start":{"line":45,"column":8},"end":{"line":45,"column":8}},{"start":{"line":45,"column":8},"end":{"line":45,"column":8}}]}},"code":["/* istanbul instrument in package npmtest_uglifycss */","/*jslint","    bitwise: true,","    browser: true,","    maxerr: 8,","    maxlen: 96,","    node: true,","    nomen: true,","    regexp: true,","    stupid: true","*/","(function () {","    'use strict';","    var local;","","","","    // run shared js-env code - pre-init","    (function () {","        // init local","        local = {};","        // init modeJs","        local.modeJs = (function () {","            try {","                return typeof navigator.userAgent === 'string' &&","                    typeof document.querySelector('body') === 'object' &&","                    typeof XMLHttpRequest.prototype.open === 'function' &&","                    'browser';","            } catch (errorCaughtBrowser) {","                return module.exports &&","                    typeof process.versions.node === 'string' &&","                    typeof require('http').createServer === 'function' &&","                    'node';","            }","        }());","        // init global","        local.global = local.modeJs === 'browser'","            ? window","            : global;","        // init utility2_rollup","        local = local.global.utility2_rollup || local;","        // init lib","        local.local = local.npmtest_uglifycss = local;","        // init exports","        if (local.modeJs === 'browser') {","            local.global.utility2_npmtest_uglifycss = local;","        } else {","            module.exports = local;","            module.exports.__dirname = __dirname;","            module.exports.module = module;","        }","    }());","}());",""],"l":{"12":2,"14":2,"19":2,"21":2,"23":2,"24":2,"25":2,"30":1,"37":2,"41":2,"43":2,"45":2,"46":1,"48":1,"49":1,"50":1}},"/home/travis/build/npmtest/node-npmtest-uglifycss/example.js":{"path":"/home/travis/build/npmtest/node-npmtest-uglifycss/example.js","s":{"1":2,"2":2,"3":2,"4":2,"5":2,"6":2,"7":2,"8":1,"9":2,"10":2,"11":2,"12":2,"13":1,"14":2,"15":2,"16":2,"17":2,"18":2,"19":0,"20":2,"21":1,"22":1,"23":1,"24":1,"25":1,"26":0,"27":0,"28":1,"29":1,"30":2,"31":0,"32":0,"33":0,"34":1,"35":2,"36":2,"37":2,"38":2,"39":2,"40":2,"41":0,"42":2,"43":2,"44":2,"45":1,"46":3,"47":1,"48":1,"49":1,"50":1,"51":1,"52":1,"53":1,"54":1,"55":1,"56":1,"57":0,"58":1,"59":6,"60":6,"61":1,"62":2,"63":0,"64":2,"65":1,"66":1,"67":0,"68":0,"69":0,"70":0,"71":0,"72":0,"73":0,"74":0,"75":0,"76":0,"77":0,"78":0,"79":0,"80":0,"81":0,"82":0,"83":0},"b":{"1":[2,1,1,1],"2":[1,1,1,1],"3":[1,1],"4":[2,2],"5":[1,1],"6":[1,1],"7":[2,0],"8":[2,1,1,1,1,1],"9":[0,2,0],"10":[1,1],"11":[2,1,1],"12":[1,0],"13":[0,2],"14":[2,0,0,0,0,0,0],"15":[0,2],"16":[2,0],"17":[1,1],"18":[0,1],"19":[1,2,0,2],"20":[1,0],"21":[1,1],"22":[0,0],"23":[0,0],"24":[0,0],"25":[0,0],"26":[0,0],"27":[0,0],"28":[0,0]},"f":{"1":2,"2":2,"3":2,"4":2,"5":2,"6":2,"7":2,"8":2,"9":3,"10":1,"11":6,"12":0},"fnMap":{"1":{"name":"(anonymous_1)","line":26,"loc":{"start":{"line":26,"column":1},"end":{"line":26,"column":13}}},"2":{"name":"(anonymous_2)","line":33,"loc":{"start":{"line":33,"column":5},"end":{"line":33,"column":17}}},"3":{"name":"(anonymous_3)","line":37,"loc":{"start":{"line":37,"column":24},"end":{"line":37,"column":36}}},"4":{"name":"(anonymous_4)","line":69,"loc":{"start":{"line":69,"column":31},"end":{"line":69,"column":48}},"skip":true},"5":{"name":"(anonymous_5)","line":78,"loc":{"start":{"line":78,"column":26},"end":{"line":78,"column":45}},"skip":true},"6":{"name":"(anonymous_6)","line":123,"loc":{"start":{"line":123,"column":33},"end":{"line":123,"column":48}},"skip":true},"7":{"name":"(anonymous_7)","line":125,"loc":{"start":{"line":125,"column":27},"end":{"line":125,"column":39}},"skip":true},"8":{"name":"(anonymous_8)","line":133,"loc":{"start":{"line":133,"column":59},"end":{"line":133,"column":74}},"skip":true},"9":{"name":"(anonymous_9)","line":143,"loc":{"start":{"line":143,"column":45},"end":{"line":143,"column":62}},"skip":true},"10":{"name":"(anonymous_10)","line":144,"loc":{"start":{"line":144,"column":73},"end":{"line":144,"column":92}},"skip":true},"11":{"name":"(anonymous_11)","line":272,"loc":{"start":{"line":272,"column":51},"end":{"line":272,"column":77}},"skip":true},"12":{"name":"(anonymous_12)","line":314,"loc":{"start":{"line":314,"column":32},"end":{"line":314,"column":61}},"skip":true}},"statementMap":{"1":{"start":{"line":26,"column":0},"end":{"line":325,"column":5}},"2":{"start":{"line":28,"column":4},"end":{"line":28,"column":14}},"3":{"start":{"line":33,"column":4},"end":{"line":60,"column":9}},"4":{"start":{"line":35,"column":8},"end":{"line":35,"column":19}},"5":{"start":{"line":37,"column":8},"end":{"line":49,"column":13}},"6":{"start":{"line":38,"column":12},"end":{"line":48,"column":13}},"7":{"start":{"line":39,"column":16},"end":{"line":42,"column":30}},"8":{"start":{"line":44,"column":16},"end":{"line":47,"column":27}},"9":{"start":{"line":51,"column":8},"end":{"line":53,"column":21}},"10":{"start":{"line":55,"column":8},"end":{"line":57,"column":45}},"11":{"start":{"line":59,"column":8},"end":{"line":59,"column":35}},"12":{"start":{"line":61,"column":4},"end":{"line":324,"column":5}},"13":{"start":{"line":69,"column":8},"end":{"line":121,"column":10},"skip":true},"14":{"start":{"line":70,"column":12},"end":{"line":88,"column":13},"skip":true},"15":{"start":{"line":76,"column":16},"end":{"line":87,"column":19},"skip":true},"16":{"start":{"line":79,"column":20},"end":{"line":86,"column":21},"skip":true},"17":{"start":{"line":82,"column":24},"end":{"line":82,"column":43},"skip":true},"18":{"start":{"line":83,"column":24},"end":{"line":83,"column":30},"skip":true},"19":{"start":{"line":85,"column":24},"end":{"line":85,"column":49},"skip":true},"20":{"start":{"line":89,"column":12},"end":{"line":107,"column":13},"skip":true},"21":{"start":{"line":92,"column":16},"end":{"line":102,"column":17},"skip":true},"22":{"start":{"line":93,"column":20},"end":{"line":93,"column":86},"skip":true},"23":{"start":{"line":94,"column":20},"end":{"line":95,"column":45},"skip":true},"24":{"start":{"line":96,"column":20},"end":{"line":96,"column":42},"skip":true},"25":{"start":{"line":97,"column":20},"end":{"line":97,"column":48},"skip":true},"26":{"start":{"line":100,"column":20},"end":{"line":100,"column":85},"skip":true},"27":{"start":{"line":101,"column":20},"end":{"line":101,"column":96},"skip":true},"28":{"start":{"line":103,"column":16},"end":{"line":103,"column":22},"skip":true},"29":{"start":{"line":106,"column":16},"end":{"line":106,"column":22},"skip":true},"30":{"start":{"line":108,"column":12},"end":{"line":120,"column":13},"skip":true},"31":{"start":{"line":114,"column":16},"end":{"line":119,"column":17},"skip":true},"32":{"start":{"line":116,"column":20},"end":{"line":116,"column":78},"skip":true},"33":{"start":{"line":118,"column":20},"end":{"line":118,"column":47},"skip":true},"34":{"start":{"line":123,"column":8},"end":{"line":141,"column":11},"skip":true},"35":{"start":{"line":124,"column":12},"end":{"line":124,"column":54},"skip":true},"36":{"start":{"line":125,"column":12},"end":{"line":140,"column":14},"skip":true},"37":{"start":{"line":126,"column":16},"end":{"line":126,"column":28},"skip":true},"38":{"start":{"line":127,"column":16},"end":{"line":127,"column":69},"skip":true},"39":{"start":{"line":128,"column":16},"end":{"line":128,"column":75},"skip":true},"40":{"start":{"line":129,"column":16},"end":{"line":131,"column":17},"skip":true},"41":{"start":{"line":130,"column":20},"end":{"line":130,"column":27},"skip":true},"42":{"start":{"line":133,"column":16},"end":{"line":137,"column":36},"skip":true},"43":{"start":{"line":134,"column":20},"end":{"line":136,"column":55},"skip":true},"44":{"start":{"line":139,"column":16},"end":{"line":139,"column":57},"skip":true},"45":{"start":{"line":143,"column":8},"end":{"line":147,"column":11},"skip":true},"46":{"start":{"line":144,"column":12},"end":{"line":146,"column":15},"skip":true},"47":{"start":{"line":145,"column":16},"end":{"line":145,"column":70},"skip":true},"48":{"start":{"line":149,"column":8},"end":{"line":149,"column":31},"skip":true},"49":{"start":{"line":150,"column":8},"end":{"line":150,"column":14},"skip":true},"50":{"start":{"line":158,"column":8},"end":{"line":158,"column":31},"skip":true},"51":{"start":{"line":160,"column":8},"end":{"line":160,"column":33},"skip":true},"52":{"start":{"line":161,"column":8},"end":{"line":161,"column":37},"skip":true},"53":{"start":{"line":162,"column":8},"end":{"line":162,"column":35},"skip":true},"54":{"start":{"line":164,"column":8},"end":{"line":164,"column":50},"skip":true},"55":{"start":{"line":166,"column":8},"end":{"line":256,"column":2},"skip":true},"56":{"start":{"line":258,"column":8},"end":{"line":286,"column":9},"skip":true},"57":{"start":{"line":259,"column":12},"end":{"line":269,"column":14},"skip":true},"58":{"start":{"line":271,"column":12},"end":{"line":285,"column":19},"skip":true},"59":{"start":{"line":274,"column":20},"end":{"line":274,"column":35},"skip":true},"60":{"start":{"line":275,"column":20},"end":{"line":284,"column":21},"skip":true},"61":{"start":{"line":277,"column":24},"end":{"line":277,"column":64},"skip":true},"62":{"start":{"line":279,"column":24},"end":{"line":279,"column":40},"skip":true},"63":{"start":{"line":281,"column":24},"end":{"line":281,"column":40},"skip":true},"64":{"start":{"line":283,"column":24},"end":{"line":283,"column":39},"skip":true},"65":{"start":{"line":288,"column":8},"end":{"line":290,"column":9},"skip":true},"66":{"start":{"line":289,"column":12},"end":{"line":289,"column":18},"skip":true},"67":{"start":{"line":291,"column":8},"end":{"line":293,"column":54},"skip":true},"68":{"start":{"line":294,"column":8},"end":{"line":301,"column":37},"skip":true},"69":{"start":{"line":302,"column":8},"end":{"line":302,"column":82},"skip":true},"70":{"start":{"line":305,"column":8},"end":{"line":307,"column":9},"skip":true},"71":{"start":{"line":306,"column":12},"end":{"line":306,"column":82},"skip":true},"72":{"start":{"line":309,"column":8},"end":{"line":311,"column":9},"skip":true},"73":{"start":{"line":310,"column":12},"end":{"line":310,"column":18},"skip":true},"74":{"start":{"line":312,"column":8},"end":{"line":312,"column":54},"skip":true},"75":{"start":{"line":313,"column":8},"end":{"line":313,"column":69},"skip":true},"76":{"start":{"line":314,"column":8},"end":{"line":322,"column":36},"skip":true},"77":{"start":{"line":315,"column":12},"end":{"line":315,"column":61},"skip":true},"78":{"start":{"line":316,"column":12},"end":{"line":319,"column":13},"skip":true},"79":{"start":{"line":317,"column":16},"end":{"line":317,"column":75},"skip":true},"80":{"start":{"line":318,"column":16},"end":{"line":318,"column":23},"skip":true},"81":{"start":{"line":320,"column":12},"end":{"line":320,"column":38},"skip":true},"82":{"start":{"line":321,"column":12},"end":{"line":321,"column":27},"skip":true},"83":{"start":{"line":323,"column":8},"end":{"line":323,"column":14},"skip":true}},"branchMap":{"1":{"line":39,"type":"binary-expr","locations":[{"start":{"line":39,"column":23},"end":{"line":39,"column":62}},{"start":{"line":40,"column":20},"end":{"line":40,"column":70}},{"start":{"line":41,"column":20},"end":{"line":41,"column":71}},{"start":{"line":42,"column":20},"end":{"line":42,"column":29}}]},"2":{"line":44,"type":"binary-expr","locations":[{"start":{"line":44,"column":23},"end":{"line":44,"column":37}},{"start":{"line":45,"column":20},"end":{"line":45,"column":61}},{"start":{"line":46,"column":20},"end":{"line":46,"column":70}},{"start":{"line":47,"column":20},"end":{"line":47,"column":26}}]},"3":{"line":51,"type":"cond-expr","locations":[{"start":{"line":52,"column":14},"end":{"line":52,"column":20}},{"start":{"line":53,"column":14},"end":{"line":53,"column":20}}]},"4":{"line":55,"type":"binary-expr","locations":[{"start":{"line":55,"column":16},"end":{"line":55,"column":44}},{"start":{"line":55,"column":49},"end":{"line":57,"column":43}}]},"5":{"line":55,"type":"cond-expr","locations":[{"start":{"line":56,"column":14},"end":{"line":56,"column":53}},{"start":{"line":57,"column":14},"end":{"line":57,"column":43}}]},"6":{"line":61,"type":"switch","locations":[{"start":{"line":68,"column":4},"end":{"line":150,"column":14},"skip":true},{"start":{"line":156,"column":4},"end":{"line":323,"column":14},"skip":true}]},"7":{"line":70,"type":"if","locations":[{"start":{"line":70,"column":12},"end":{"line":70,"column":12},"skip":true},{"start":{"line":70,"column":12},"end":{"line":70,"column":12},"skip":true}]},"8":{"line":70,"type":"binary-expr","locations":[{"start":{"line":70,"column":16},"end":{"line":70,"column":22},"skip":true},{"start":{"line":70,"column":27},"end":{"line":70,"column":32},"skip":true},{"start":{"line":71,"column":20},"end":{"line":71,"column":39},"skip":true},{"start":{"line":72,"column":20},"end":{"line":72,"column":49},"skip":true},{"start":{"line":73,"column":20},"end":{"line":73,"column":58},"skip":true},{"start":{"line":74,"column":20},"end":{"line":74,"column":69},"skip":true}]},"9":{"line":79,"type":"switch","locations":[{"start":{"line":80,"column":20},"end":{"line":80,"column":33},"skip":true},{"start":{"line":81,"column":20},"end":{"line":83,"column":30},"skip":true},{"start":{"line":84,"column":20},"end":{"line":85,"column":49},"skip":true}]},"10":{"line":89,"type":"switch","locations":[{"start":{"line":90,"column":12},"end":{"line":103,"column":22},"skip":true},{"start":{"line":105,"column":12},"end":{"line":106,"column":22},"skip":true}]},"11":{"line":89,"type":"binary-expr","locations":[{"start":{"line":89,"column":20},"end":{"line":89,"column":25},"skip":true},{"start":{"line":89,"column":29},"end":{"line":89,"column":48},"skip":true},{"start":{"line":89,"column":52},"end":{"line":89,"column":74},"skip":true}]},"12":{"line":92,"type":"if","locations":[{"start":{"line":92,"column":16},"end":{"line":92,"column":16},"skip":true},{"start":{"line":92,"column":16},"end":{"line":92,"column":16},"skip":true}]},"13":{"line":108,"type":"if","locations":[{"start":{"line":108,"column":12},"end":{"line":108,"column":12},"skip":true},{"start":{"line":108,"column":12},"end":{"line":108,"column":12},"skip":true}]},"14":{"line":108,"type":"binary-expr","locations":[{"start":{"line":108,"column":16},"end":{"line":108,"column":61},"skip":true},{"start":{"line":108,"column":66},"end":{"line":108,"column":72},"skip":true},{"start":{"line":108,"column":77},"end":{"line":108,"column":82},"skip":true},{"start":{"line":109,"column":20},"end":{"line":109,"column":39},"skip":true},{"start":{"line":110,"column":20},"end":{"line":110,"column":49},"skip":true},{"start":{"line":111,"column":20},"end":{"line":111,"column":58},"skip":true},{"start":{"line":112,"column":20},"end":{"line":112,"column":68},"skip":true}]},"15":{"line":129,"type":"if","locations":[{"start":{"line":129,"column":16},"end":{"line":129,"column":16},"skip":true},{"start":{"line":129,"column":16},"end":{"line":129,"column":16},"skip":true}]},"16":{"line":134,"type":"cond-expr","locations":[{"start":{"line":135,"column":26},"end":{"line":135,"column":29},"skip":true},{"start":{"line":136,"column":26},"end":{"line":136,"column":54},"skip":true}]},"17":{"line":164,"type":"binary-expr","locations":[{"start":{"line":164,"column":27},"end":{"line":164,"column":43},"skip":true},{"start":{"line":164,"column":47},"end":{"line":164,"column":49},"skip":true}]},"18":{"line":258,"type":"if","locations":[{"start":{"line":258,"column":8},"end":{"line":258,"column":8},"skip":true},{"start":{"line":258,"column":8},"end":{"line":258,"column":8},"skip":true}]},"19":{"line":275,"type":"switch","locations":[{"start":{"line":276,"column":20},"end":{"line":277,"column":64},"skip":true},{"start":{"line":278,"column":20},"end":{"line":279,"column":40},"skip":true},{"start":{"line":280,"column":20},"end":{"line":281,"column":40},"skip":true},{"start":{"line":282,"column":20},"end":{"line":283,"column":39},"skip":true}]},"20":{"line":288,"type":"if","locations":[{"start":{"line":288,"column":8},"end":{"line":288,"column":8},"skip":true},{"start":{"line":288,"column":8},"end":{"line":288,"column":8},"skip":true}]},"21":{"line":288,"type":"binary-expr","locations":[{"start":{"line":288,"column":12},"end":{"line":288,"column":40},"skip":true},{"start":{"line":288,"column":44},"end":{"line":288,"column":67},"skip":true}]},"22":{"line":292,"type":"binary-expr","locations":[{"start":{"line":292,"column":12},"end":{"line":292,"column":50},"skip":true},{"start":{"line":293,"column":12},"end":{"line":293,"column":53},"skip":true}]},"23":{"line":295,"type":"binary-expr","locations":[{"start":{"line":295,"column":12},"end":{"line":295,"column":67},"skip":true},{"start":{"line":296,"column":12},"end":{"line":301,"column":36},"skip":true}]},"24":{"line":302,"type":"binary-expr","locations":[{"start":{"line":302,"column":43},"end":{"line":302,"column":75},"skip":true},{"start":{"line":302,"column":79},"end":{"line":302,"column":81},"skip":true}]},"25":{"line":305,"type":"if","locations":[{"start":{"line":305,"column":8},"end":{"line":305,"column":8},"skip":true},{"start":{"line":305,"column":8},"end":{"line":305,"column":8},"skip":true}]},"26":{"line":309,"type":"if","locations":[{"start":{"line":309,"column":8},"end":{"line":309,"column":8},"skip":true},{"start":{"line":309,"column":8},"end":{"line":309,"column":8},"skip":true}]},"27":{"line":312,"type":"binary-expr","locations":[{"start":{"line":312,"column":27},"end":{"line":312,"column":43},"skip":true},{"start":{"line":312,"column":47},"end":{"line":312,"column":53},"skip":true}]},"28":{"line":316,"type":"if","locations":[{"start":{"line":316,"column":12},"end":{"line":316,"column":12},"skip":true},{"start":{"line":316,"column":12},"end":{"line":316,"column":12},"skip":true}]}},"code":["/*","example.js","","quickstart example","","instruction","    1. save this script as example.js","    2. run the shell command:","        $ npm install npmtest-uglifycss && PORT=8081 node example.js","    3. play with the browser-demo on http://127.0.0.1:8081","*/","","","","/* istanbul instrument in package npmtest_uglifycss */","/*jslint","    bitwise: true,","    browser: true,","    maxerr: 8,","    maxlen: 96,","    node: true,","    nomen: true,","    regexp: true,","    stupid: true","*/","(function () {","    'use strict';","    var local;","","","","    // run shared js-env code - pre-init","    (function () {","        // init local","        local = {};","        // init modeJs","        local.modeJs = (function () {","            try {","                return typeof navigator.userAgent === 'string' &&","                    typeof document.querySelector('body') === 'object' &&","                    typeof XMLHttpRequest.prototype.open === 'function' &&","                    'browser';","            } catch (errorCaughtBrowser) {","                return module.exports &&","                    typeof process.versions.node === 'string' &&","                    typeof require('http').createServer === 'function' &&","                    'node';","            }","        }());","        // init global","        local.global = local.modeJs === 'browser'","            ? window","            : global;","        // init utility2_rollup","        local = local.global.utility2_rollup || (local.modeJs === 'browser'","            ? local.global.utility2_npmtest_uglifycss","            : global.utility2_moduleExports);","        // export local","        local.global.local = local;","    }());","    switch (local.modeJs) {","","","","    // post-init","    // run browser js-env code - post-init","    /* istanbul ignore next */","    case 'browser':","        local.testRunBrowser = function (event) {","            if (!event || (event &&","                    event.currentTarget &&","                    event.currentTarget.className &&","                    event.currentTarget.className.includes &&","                    event.currentTarget.className.includes('onreset'))) {","                // reset output","                Array.from(","                    document.querySelectorAll('body > .resettable')","                ).forEach(function (element) {","                    switch (element.tagName) {","                    case 'INPUT':","                    case 'TEXTAREA':","                        element.value = '';","                        break;","                    default:","                        element.textContent = '';","                    }","                });","            }","            switch (event && event.currentTarget && event.currentTarget.id) {","            case 'testRunButton1':","                // show tests","                if (document.querySelector('#testReportDiv1').style.display === 'none') {","                    document.querySelector('#testReportDiv1').style.display = 'block';","                    document.querySelector('#testRunButton1').textContent =","                        'hide internal test';","                    local.modeTest = true;","                    local.testRunDefault(local);","                // hide tests","                } else {","                    document.querySelector('#testReportDiv1').style.display = 'none';","                    document.querySelector('#testRunButton1').textContent = 'run internal test';","                }","                break;","            // custom-case","            default:","                break;","            }","            if (document.querySelector('#inputTextareaEval1') && (!event || (event &&","                    event.currentTarget &&","                    event.currentTarget.className &&","                    event.currentTarget.className.includes &&","                    event.currentTarget.className.includes('oneval')))) {","                // try to eval input-code","                try {","                    /*jslint evil: true*/","                    eval(document.querySelector('#inputTextareaEval1').value);","                } catch (errorCaught) {","                    console.error(errorCaught);","                }","            }","        };","        // log stderr and stdout to #outputTextareaStdout1","        ['error', 'log'].forEach(function (key) {","            console[key + '_original'] = console[key];","            console[key] = function () {","                var element;","                console[key + '_original'].apply(console, arguments);","                element = document.querySelector('#outputTextareaStdout1');","                if (!element) {","                    return;","                }","                // append text to #outputTextareaStdout1","                element.value += Array.from(arguments).map(function (arg) {","                    return typeof arg === 'string'","                        ? arg","                        : JSON.stringify(arg, null, 4);","                }).join(' ') + '\\n';","                // scroll textarea to bottom","                element.scrollTop = element.scrollHeight;","            };","        });","        // init event-handling","        ['change', 'click', 'keyup'].forEach(function (event) {","            Array.from(document.querySelectorAll('.on' + event)).forEach(function (element) {","                element.addEventListener(event, local.testRunBrowser);","            });","        });","        // run tests","        local.testRunBrowser();","        break;","","","","    // run node js-env code - post-init","    /* istanbul ignore next */","    case 'node':","        // export local","        module.exports = local;","        // require modules","        local.fs = require('fs');","        local.http = require('http');","        local.url = require('url');","        // init assets","        local.assetsDict = local.assetsDict || {};","        /* jslint-ignore-begin */","        local.assetsDict['/assets.index.template.html'] = '\\","<!doctype html>\\n\\","<html lang=\"en\">\\n\\","<head>\\n\\","<meta charset=\"UTF-8\">\\n\\","<meta name=\"viewport\" content=\"width=device-width, initial-scale=1\">\\n\\","<title>{{env.npm_package_name}} (v{{env.npm_package_version}})</title>\\n\\","<style>\\n\\","/*csslint\\n\\","    box-sizing: false,\\n\\","    universal-selector: false\\n\\","*/\\n\\","* {\\n\\","    box-sizing: border-box;\\n\\","}\\n\\","body {\\n\\","    background: #dde;\\n\\","    font-family: Arial, Helvetica, sans-serif;\\n\\","    margin: 2rem;\\n\\","}\\n\\","body > * {\\n\\","    margin-bottom: 1rem;\\n\\","}\\n\\",".utility2FooterDiv {\\n\\","    margin-top: 20px;\\n\\","    text-align: center;\\n\\","}\\n\\","</style>\\n\\","<style>\\n\\","/*csslint\\n\\","*/\\n\\","textarea {\\n\\","    font-family: monospace;\\n\\","    height: 10rem;\\n\\","    width: 100%;\\n\\","}\\n\\","textarea[readonly] {\\n\\","    background: #ddd;\\n\\","}\\n\\","</style>\\n\\","</head>\\n\\","<body>\\n\\","<!-- utility2-comment\\n\\","<div id=\"ajaxProgressDiv1\" style=\"background: #d00; height: 2px; left: 0; margin: 0; padding: 0; position: fixed; top: 0; transition: background 0.5s, width 1.5s; width: 25%;\"></div>\\n\\","utility2-comment -->\\n\\","<h1>\\n\\","<!-- utility2-comment\\n\\","    <a\\n\\","        {{#if env.npm_package_homepage}}\\n\\","        href=\"{{env.npm_package_homepage}}\"\\n\\","        {{/if env.npm_package_homepage}}\\n\\","        target=\"_blank\"\\n\\","    >\\n\\","utility2-comment -->\\n\\","        {{env.npm_package_name}} (v{{env.npm_package_version}})\\n\\","<!-- utility2-comment\\n\\","    </a>\\n\\","utility2-comment -->\\n\\","</h1>\\n\\","<h3>{{env.npm_package_description}}</h3>\\n\\","<!-- utility2-comment\\n\\","<h4><a download href=\"assets.app.js\">download standalone app</a></h4>\\n\\","<button class=\"onclick onreset\" id=\"testRunButton1\">run internal test</button><br>\\n\\","<div id=\"testReportDiv1\" style=\"display: none;\"></div>\\n\\","utility2-comment -->\\n\\","\\n\\","\\n\\","\\n\\","<label>stderr and stdout</label>\\n\\","<textarea class=\"resettable\" id=\"outputTextareaStdout1\" readonly></textarea>\\n\\","<!-- utility2-comment\\n\\","{{#if isRollup}}\\n\\","<script src=\"assets.app.js\"></script>\\n\\","{{#unless isRollup}}\\n\\","utility2-comment -->\\n\\","<script src=\"assets.utility2.rollup.js\"></script>\\n\\","<script src=\"jsonp.utility2._stateInit?callback=window.utility2._stateInit\"></script>\\n\\","<script src=\"assets.npmtest_uglifycss.rollup.js\"></script>\\n\\","<script src=\"assets.example.js\"></script>\\n\\","<script src=\"assets.test.js\"></script>\\n\\","<!-- utility2-comment\\n\\","{{/if isRollup}}\\n\\","utility2-comment -->\\n\\","<div class=\"utility2FooterDiv\">\\n\\","    [ this app was created with\\n\\","    <a href=\"https://github.com/kaizhu256/node-utility2\" target=\"_blank\">utility2</a>\\n\\","    ]\\n\\","</div>\\n\\","</body>\\n\\","</html>\\n\\","';","        /* jslint-ignore-end */","        if (local.templateRender) {","            local.assetsDict['/'] = local.templateRender(","                local.assetsDict['/assets.index.template.html'],","                {","                    env: local.objectSetDefault(local.env, {","                        npm_package_description: 'the greatest app in the world!',","                        npm_package_name: 'my-app',","                        npm_package_nameAlias: 'my_app',","                        npm_package_version: '0.0.1'","                    })","                }","            );","        } else {","            local.assetsDict['/'] = local.assetsDict['/assets.index.template.html']","                .replace((/\\{\\{env\\.(\\w+?)\\}\\}/g), function (match0, match1) {","                    // jslint-hack","                    String(match0);","                    switch (match1) {","                    case 'npm_package_description':","                        return 'the greatest app in the world!';","                    case 'npm_package_name':","                        return 'my-app';","                    case 'npm_package_nameAlias':","                        return 'my_app';","                    case 'npm_package_version':","                        return '0.0.1';","                    }","                });","        }","        // run the cli","        if (local.global.utility2_rollup || module !== require.main) {","            break;","        }","        local.assetsDict['/assets.example.js'] =","            local.assetsDict['/assets.example.js'] ||","            local.fs.readFileSync(__filename, 'utf8');","        local.assetsDict['/assets.npmtest_uglifycss.rollup.js'] =","            local.assetsDict['/assets.npmtest_uglifycss.rollup.js'] ||","            local.fs.readFileSync(","                // buildCustomOrg-hack","                local.npmtest_uglifycss.__dirname +","                    '/lib.npmtest_uglifycss.js',","                'utf8'","            ).replace((/^#!/), '//');","        local.assetsDict['/favicon.ico'] = local.assetsDict['/favicon.ico'] || '';","        // if $npm_config_timeout_exit exists,","        // then exit this process after $npm_config_timeout_exit ms","        if (Number(process.env.npm_config_timeout_exit)) {","            setTimeout(process.exit, Number(process.env.npm_config_timeout_exit));","        }","        // start server","        if (local.global.utility2_serverHttp1) {","            break;","        }","        process.env.PORT = process.env.PORT || '8081';","        console.error('server starting on port ' + process.env.PORT);","        local.http.createServer(function (request, response) {","            request.urlParsed = local.url.parse(request.url);","            if (local.assetsDict[request.urlParsed.pathname] !== undefined) {","                response.end(local.assetsDict[request.urlParsed.pathname]);","                return;","            }","            response.statusCode = 404;","            response.end();","        }).listen(process.env.PORT);","        break;","    }","}());",""],"l":{"26":2,"28":2,"33":2,"35":2,"37":2,"38":2,"39":2,"44":1,"51":2,"55":2,"59":2,"61":2,"69":1,"70":2,"76":2,"79":2,"82":2,"83":2,"85":1,"89":2,"92":1,"93":1,"94":1,"96":1,"97":1,"100":1,"101":1,"103":1,"106":1,"108":2,"114":1,"116":1,"118":1,"123":1,"124":2,"125":2,"126":2,"127":2,"128":2,"129":2,"130":1,"133":2,"134":2,"139":2,"143":1,"144":3,"145":1,"149":1,"150":1,"158":1,"160":1,"161":1,"162":1,"164":1,"166":1,"258":1,"259":1,"271":1,"274":6,"275":6,"277":1,"279":2,"281":1,"283":2,"288":1,"289":1,"291":1,"294":1,"302":1,"305":1,"306":1,"309":1,"310":1,"312":1,"313":1,"314":1,"315":1,"316":1,"317":1,"318":1,"320":1,"321":1,"323":1}},"/home/travis/build/npmtest/node-npmtest-uglifycss/node_modules/uglifycss/index.js":{"path":"/home/travis/build/npmtest/node-npmtest-uglifycss/node_modules/uglifycss/index.js","s":{"1":1},"b":{},"f":{},"fnMap":{},"statementMap":{"1":{"start":{"line":27,"column":0},"end":{"line":27,"column":44}}},"branchMap":{},"code":["/**"," * UglifyCSS"," * Port of YUI CSS Compressor to NodeJS"," * Author: Franck Marcia - https://github.com/fmarcia"," * MIT licenced"," */","","/**"," * cssmin.js"," * Author: Stoyan Stefanov - http://phpied.com/"," * This is a JavaScript port of the CSS minification tool"," * distributed with YUICompressor, itself a port"," * of the cssmin utility by Isaac Schlueter - http://foohack.com/"," * Permission is hereby granted to use the JavaScript version under the same"," * conditions as the YUICompressor (original YUICompressor note below)."," */","","/**"," * YUI Compressor"," * http://developer.yahoo.com/yui/compressor/"," * Author: Julien Lecomte - http://www.julienlecomte.net/"," * Copyright (c) 2011 Yahoo! Inc. All rights reserved."," * The copyrights embodied in the content of this file are licensed"," * by Yahoo! Inc. under the BSD (revised) open source license."," */","","module.exports = require('./uglifycss-lib');",""],"l":{"27":1}},"/home/travis/build/npmtest/node-npmtest-uglifycss/node_modules/uglifycss/uglifycss-lib.js":{"path":"/home/travis/build/npmtest/node-npmtest-uglifycss/node_modules/uglifycss/uglifycss-lib.js","s":{"1":1,"2":1,"3":1,"4":1,"5":1,"6":1,"7":1,"8":0,"9":0,"10":0,"11":0,"12":0,"13":0,"14":0,"15":0,"16":0,"17":0,"18":0,"19":0,"20":0,"21":0,"22":0,"23":0,"24":0,"25":0,"26":0,"27":0,"28":0,"29":0,"30":0,"31":0,"32":0,"33":0,"34":0,"35":0,"36":0,"37":0,"38":0,"39":0,"40":0,"41":0,"42":0,"43":0,"44":0,"45":0,"46":0,"47":0,"48":0,"49":0,"50":0,"51":1,"52":0,"53":0,"54":0,"55":0,"56":0,"57":0,"58":0,"59":0,"60":0,"61":0,"62":0,"63":0,"64":0,"65":0,"66":0,"67":0,"68":0,"69":0,"70":0,"71":0,"72":0,"73":0,"74":0,"75":0,"76":0,"77":0,"78":0,"79":0,"80":0,"81":0,"82":0,"83":1,"84":0,"85":0,"86":0,"87":0,"88":0,"89":0,"90":0,"91":0,"92":0,"93":0,"94":0,"95":0,"96":1,"97":0,"98":0,"99":0,"100":0,"101":0,"102":0,"103":0,"104":0,"105":0,"106":0,"107":0,"108":0,"109":0,"110":0,"111":0,"112":0,"113":0,"114":0,"115":0,"116":0,"117":0,"118":0,"119":0,"120":0,"121":0,"122":0,"123":0,"124":0,"125":0,"126":0,"127":0,"128":0,"129":0,"130":0,"131":0,"132":0,"133":0,"134":0,"135":0,"136":0,"137":1,"138":0,"139":0,"140":0,"141":0,"142":0,"143":0,"144":0,"145":0,"146":0,"147":0,"148":0,"149":0,"150":0,"151":0,"152":0,"153":0,"154":0,"155":1,"156":0,"157":0,"158":0,"159":0,"160":0,"161":0,"162":0,"163":0,"164":0,"165":0,"166":0,"167":0,"168":0,"169":0,"170":0,"171":0,"172":0,"173":0,"174":0,"175":0,"176":0,"177":0,"178":0,"179":0,"180":0,"181":0,"182":0,"183":0,"184":0,"185":0,"186":0,"187":0,"188":0,"189":0,"190":0,"191":0,"192":0,"193":0,"194":0,"195":0,"196":0,"197":0,"198":0,"199":0,"200":0,"201":0,"202":0,"203":0,"204":0,"205":0,"206":0,"207":0,"208":0,"209":0,"210":0,"211":0,"212":0,"213":0,"214":0,"215":0,"216":0,"217":0,"218":0,"219":0,"220":0,"221":0,"222":0,"223":0,"224":0,"225":0,"226":0,"227":0,"228":0,"229":0,"230":0,"231":0,"232":0,"233":0,"234":0,"235":0,"236":0,"237":0,"238":0,"239":0,"240":0,"241":0,"242":0,"243":0,"244":0,"245":0,"246":0,"247":0,"248":0,"249":0,"250":0,"251":0,"252":0,"253":0,"254":0,"255":0,"256":0,"257":0,"258":0,"259":0,"260":0,"261":0,"262":0,"263":0,"264":0,"265":0,"266":0,"267":0,"268":0,"269":0,"270":0,"271":0,"272":0,"273":0,"274":0,"275":0,"276":0,"277":0,"278":0,"279":0,"280":0,"281":0,"282":0,"283":0,"284":0,"285":0,"286":0,"287":0,"288":0,"289":0,"290":0,"291":0,"292":0,"293":0,"294":0,"295":0,"296":0,"297":0,"298":0,"299":0,"300":0,"301":0,"302":0,"303":0,"304":0,"305":0,"306":0,"307":0,"308":0,"309":0,"310":0,"311":0,"312":0,"313":0,"314":0,"315":0,"316":0,"317":0,"318":0,"319":0,"320":0,"321":0,"322":1,"323":0,"324":0,"325":0,"326":0,"327":0,"328":0,"329":0,"330":0,"331":0,"332":0,"333":0,"334":0,"335":0,"336":0,"337":0,"338":0,"339":0,"340":0,"341":1},"b":{"1":[0,0],"2":[0,0],"3":[0,0],"4":[0,0],"5":[0,0],"6":[0,0],"7":[0,0],"8":[0,0],"9":[0,0],"10":[0,0],"11":[0,0],"12":[0,0,0,0],"13":[0,0],"14":[0,0],"15":[0,0],"16":[0,0],"17":[0,0],"18":[0,0],"19":[0,0],"20":[0,0],"21":[0,0],"22":[0,0],"23":[0,0,0],"24":[0,0],"25":[0,0],"26":[0,0],"27":[0,0],"28":[0,0],"29":[0,0],"30":[0,0],"31":[0,0],"32":[0,0],"33":[0,0],"34":[0,0],"35":[0,0],"36":[0,0],"37":[0,0],"38":[0,0],"39":[0,0],"40":[0,0],"41":[0,0],"42":[0,0],"43":[0,0],"44":[0,0],"45":[0,0],"46":[0,0],"47":[0,0],"48":[0,0],"49":[0,0],"50":[0,0],"51":[0,0],"52":[0,0],"53":[0,0],"54":[0,0],"55":[0,0],"56":[0,0],"57":[0,0],"58":[0,0],"59":[0,0],"60":[0,0],"61":[0,0],"62":[0,0]},"f":{"1":0,"2":0,"3":0,"4":0,"5":0,"6":0,"7":0,"8":0,"9":0,"10":0,"11":0,"12":0,"13":0,"14":0,"15":0,"16":0,"17":0,"18":0,"19":0,"20":0,"21":0,"22":0,"23":0,"24":0,"25":0,"26":0,"27":0,"28":0,"29":0},"fnMap":{"1":{"name":"convertRelativeUrls","line":56,"loc":{"start":{"line":56,"column":0},"end":{"line":56,"column":60}}},"2":{"name":"extractDataUrls","line":175,"loc":{"start":{"line":175,"column":0},"end":{"line":175,"column":47}}},"3":{"name":"compressHexColors","line":270,"loc":{"start":{"line":270,"column":0},"end":{"line":270,"column":32}}},"4":{"name":"keyframes","line":311,"loc":{"start":{"line":311,"column":0},"end":{"line":311,"column":45}}},"5":{"name":"(anonymous_5)","line":322,"loc":{"start":{"line":322,"column":19},"end":{"line":322,"column":42}}},"6":{"name":"collectComments","line":398,"loc":{"start":{"line":398,"column":0},"end":{"line":398,"column":44}}},"7":{"name":"processString","line":426,"loc":{"start":{"line":426,"column":0},"end":{"line":426,"column":41}}},"8":{"name":"(anonymous_8)","line":452,"loc":{"start":{"line":452,"column":39},"end":{"line":452,"column":56}}},"9":{"name":"(anonymous_9)","line":520,"loc":{"start":{"line":520,"column":43},"end":{"line":520,"column":65}}},"10":{"name":"(anonymous_10)","line":522,"loc":{"start":{"line":522,"column":32},"end":{"line":522,"column":58}}},"11":{"name":"(anonymous_11)","line":533,"loc":{"start":{"line":533,"column":43},"end":{"line":533,"column":65}}},"12":{"name":"(anonymous_12)","line":543,"loc":{"start":{"line":543,"column":39},"end":{"line":543,"column":61}}},"13":{"name":"(anonymous_13)","line":556,"loc":{"start":{"line":556,"column":39},"end":{"line":556,"column":61}}},"14":{"name":"(anonymous_14)","line":565,"loc":{"start":{"line":565,"column":39},"end":{"line":565,"column":56}}},"15":{"name":"(anonymous_15)","line":580,"loc":{"start":{"line":580,"column":39},"end":{"line":580,"column":65}}},"16":{"name":"(anonymous_16)","line":582,"loc":{"start":{"line":582,"column":47},"end":{"line":582,"column":73}}},"17":{"name":"(anonymous_17)","line":591,"loc":{"start":{"line":591,"column":53},"end":{"line":591,"column":79}}},"18":{"name":"(anonymous_18)","line":593,"loc":{"start":{"line":593,"column":30},"end":{"line":593,"column":46}}},"19":{"name":"(anonymous_19)","line":609,"loc":{"start":{"line":609,"column":62},"end":{"line":609,"column":88}}},"20":{"name":"(anonymous_20)","line":624,"loc":{"start":{"line":624,"column":39},"end":{"line":624,"column":69}}},"21":{"name":"(anonymous_21)","line":630,"loc":{"start":{"line":630,"column":39},"end":{"line":630,"column":78}}},"22":{"name":"(anonymous_22)","line":636,"loc":{"start":{"line":636,"column":39},"end":{"line":636,"column":61}}},"23":{"name":"(anonymous_23)","line":642,"loc":{"start":{"line":642,"column":39},"end":{"line":642,"column":61}}},"24":{"name":"(anonymous_24)","line":652,"loc":{"start":{"line":652,"column":39},"end":{"line":652,"column":61}}},"25":{"name":"(anonymous_25)","line":659,"loc":{"start":{"line":659,"column":39},"end":{"line":659,"column":65}}},"26":{"name":"(anonymous_26)","line":687,"loc":{"start":{"line":687,"column":39},"end":{"line":687,"column":65}}},"27":{"name":"(anonymous_27)","line":697,"loc":{"start":{"line":697,"column":39},"end":{"line":697,"column":61}}},"28":{"name":"(anonymous_28)","line":731,"loc":{"start":{"line":731,"column":39},"end":{"line":731,"column":65}}},"29":{"name":"processFiles","line":788,"loc":{"start":{"line":788,"column":0},"end":{"line":788,"column":42}}}},"statementMap":{"1":{"start":{"line":29,"column":0},"end":{"line":29,"column":23}},"2":{"start":{"line":30,"column":0},"end":{"line":30,"column":27}},"3":{"start":{"line":32,"column":0},"end":{"line":32,"column":14}},"4":{"start":{"line":33,"column":0},"end":{"line":33,"column":24}},"5":{"start":{"line":34,"column":0},"end":{"line":34,"column":48}},"6":{"start":{"line":36,"column":0},"end":{"line":43,"column":2}},"7":{"start":{"line":56,"column":0},"end":{"line":162,"column":1}},"8":{"start":{"line":58,"column":4},"end":{"line":71,"column":42}},"9":{"start":{"line":78,"column":4},"end":{"line":157,"column":5}},"10":{"start":{"line":80,"column":8},"end":{"line":80,"column":43}},"11":{"start":{"line":81,"column":8},"end":{"line":81,"column":26}},"12":{"start":{"line":83,"column":8},"end":{"line":85,"column":9}},"13":{"start":{"line":84,"column":12},"end":{"line":84,"column":29}},"14":{"start":{"line":87,"column":8},"end":{"line":87,"column":32}},"15":{"start":{"line":89,"column":8},"end":{"line":89,"column":41}},"16":{"start":{"line":91,"column":8},"end":{"line":101,"column":9}},"17":{"start":{"line":92,"column":12},"end":{"line":92,"column":61}},"18":{"start":{"line":95,"column":12},"end":{"line":100,"column":13}},"19":{"start":{"line":96,"column":16},"end":{"line":96,"column":39}},"20":{"start":{"line":97,"column":16},"end":{"line":99,"column":17}},"21":{"start":{"line":98,"column":20},"end":{"line":98,"column":58}},"22":{"start":{"line":104,"column":8},"end":{"line":104,"column":53}},"23":{"start":{"line":106,"column":8},"end":{"line":156,"column":9}},"24":{"start":{"line":108,"column":12},"end":{"line":108,"column":84}},"25":{"start":{"line":109,"column":12},"end":{"line":148,"column":13}},"26":{"start":{"line":111,"column":16},"end":{"line":115,"column":17}},"27":{"start":{"line":112,"column":20},"end":{"line":112,"column":47}},"28":{"start":{"line":113,"column":23},"end":{"line":115,"column":17}},"29":{"start":{"line":114,"column":20},"end":{"line":114,"column":36}},"30":{"start":{"line":117,"column":16},"end":{"line":139,"column":17}},"31":{"start":{"line":120,"column":20},"end":{"line":120,"column":52}},"32":{"start":{"line":121,"column":20},"end":{"line":121,"column":60}},"33":{"start":{"line":122,"column":20},"end":{"line":122,"column":93}},"34":{"start":{"line":124,"column":20},"end":{"line":124,"column":37}},"35":{"start":{"line":127,"column":20},"end":{"line":130,"column":21}},"36":{"start":{"line":128,"column":24},"end":{"line":128,"column":39}},"37":{"start":{"line":129,"column":24},"end":{"line":129,"column":36}},"38":{"start":{"line":132,"column":20},"end":{"line":134,"column":21}},"39":{"start":{"line":133,"column":24},"end":{"line":133,"column":41}},"40":{"start":{"line":135,"column":20},"end":{"line":135,"column":87}},"41":{"start":{"line":138,"column":20},"end":{"line":138,"column":58}},"42":{"start":{"line":141,"column":16},"end":{"line":141,"column":42}},"43":{"start":{"line":143,"column":16},"end":{"line":143,"column":97}},"44":{"start":{"line":144,"column":16},"end":{"line":144,"column":35}},"45":{"start":{"line":147,"column":16},"end":{"line":147,"column":46}},"46":{"start":{"line":150,"column":12},"end":{"line":150,"column":39}},"47":{"start":{"line":154,"column":12},"end":{"line":154,"column":63}},"48":{"start":{"line":155,"column":12},"end":{"line":155,"column":44}},"49":{"start":{"line":159,"column":4},"end":{"line":159,"column":40}},"50":{"start":{"line":161,"column":4},"end":{"line":161,"column":23}},"51":{"start":{"line":175,"column":0},"end":{"line":251,"column":1}},"52":{"start":{"line":178,"column":4},"end":{"line":188,"column":43}},"53":{"start":{"line":195,"column":4},"end":{"line":246,"column":5}},"54":{"start":{"line":197,"column":8},"end":{"line":197,"column":33}},"55":{"start":{"line":198,"column":8},"end":{"line":198,"column":26}},"56":{"start":{"line":200,"column":8},"end":{"line":202,"column":9}},"57":{"start":{"line":201,"column":12},"end":{"line":201,"column":29}},"58":{"start":{"line":204,"column":8},"end":{"line":204,"column":32}},"59":{"start":{"line":206,"column":8},"end":{"line":206,"column":41}},"60":{"start":{"line":208,"column":8},"end":{"line":218,"column":9}},"61":{"start":{"line":209,"column":12},"end":{"line":209,"column":61}},"62":{"start":{"line":212,"column":12},"end":{"line":217,"column":13}},"63":{"start":{"line":213,"column":16},"end":{"line":213,"column":39}},"64":{"start":{"line":214,"column":16},"end":{"line":216,"column":17}},"65":{"start":{"line":215,"column":20},"end":{"line":215,"column":58}},"66":{"start":{"line":221,"column":8},"end":{"line":221,"column":53}},"67":{"start":{"line":223,"column":8},"end":{"line":245,"column":9}},"68":{"start":{"line":225,"column":12},"end":{"line":225,"column":56}},"69":{"start":{"line":226,"column":12},"end":{"line":226,"column":41}},"70":{"start":{"line":227,"column":12},"end":{"line":233,"column":13}},"71":{"start":{"line":228,"column":16},"end":{"line":228,"column":50}},"72":{"start":{"line":230,"column":16},"end":{"line":230,"column":50}},"73":{"start":{"line":231,"column":16},"end":{"line":231,"column":51}},"74":{"start":{"line":232,"column":16},"end":{"line":232,"column":58}},"75":{"start":{"line":235,"column":12},"end":{"line":235,"column":40}},"76":{"start":{"line":237,"column":12},"end":{"line":237,"column":93}},"77":{"start":{"line":238,"column":12},"end":{"line":238,"column":31}},"78":{"start":{"line":240,"column":12},"end":{"line":240,"column":39}},"79":{"start":{"line":243,"column":12},"end":{"line":243,"column":63}},"80":{"start":{"line":244,"column":12},"end":{"line":244,"column":44}},"81":{"start":{"line":248,"column":4},"end":{"line":248,"column":40}},"82":{"start":{"line":250,"column":4},"end":{"line":250,"column":23}},"83":{"start":{"line":270,"column":0},"end":{"line":307,"column":1}},"84":{"start":{"line":273,"column":4},"end":{"line":277,"column":16}},"85":{"start":{"line":279,"column":4},"end":{"line":302,"column":5}},"86":{"start":{"line":281,"column":8},"end":{"line":281,"column":47}},"87":{"start":{"line":283,"column":8},"end":{"line":283,"column":24}},"88":{"start":{"line":285,"column":8},"end":{"line":299,"column":9}},"89":{"start":{"line":287,"column":12},"end":{"line":287,"column":76}},"90":{"start":{"line":289,"column":12},"end":{"line":298,"column":13}},"91":{"start":{"line":294,"column":16},"end":{"line":294,"column":66}},"92":{"start":{"line":297,"column":16},"end":{"line":297,"column":87}},"93":{"start":{"line":301,"column":8},"end":{"line":301,"column":68}},"94":{"start":{"line":304,"column":4},"end":{"line":304,"column":34}},"95":{"start":{"line":306,"column":4},"end":{"line":306,"column":23}},"96":{"start":{"line":311,"column":0},"end":{"line":393,"column":1}},"97":{"start":{"line":313,"column":4},"end":{"line":320,"column":19}},"98":{"start":{"line":322,"column":4},"end":{"line":328,"column":6}},"99":{"start":{"line":323,"column":8},"end":{"line":323,"column":46}},"100":{"start":{"line":324,"column":8},"end":{"line":327,"column":9}},"101":{"start":{"line":325,"column":12},"end":{"line":325,"column":39}},"102":{"start":{"line":326,"column":12},"end":{"line":326,"column":87}},"103":{"start":{"line":330,"column":4},"end":{"line":390,"column":5}},"104":{"start":{"line":332,"column":8},"end":{"line":332,"column":18}},"105":{"start":{"line":333,"column":8},"end":{"line":333,"column":20}},"106":{"start":{"line":335,"column":8},"end":{"line":335,"column":58}},"107":{"start":{"line":336,"column":8},"end":{"line":338,"column":9}},"108":{"start":{"line":337,"column":12},"end":{"line":337,"column":18}},"109":{"start":{"line":340,"column":8},"end":{"line":340,"column":28}},"110":{"start":{"line":341,"column":8},"end":{"line":341,"column":27}},"111":{"start":{"line":342,"column":8},"end":{"line":342,"column":29}},"112":{"start":{"line":343,"column":8},"end":{"line":343,"column":21}},"113":{"start":{"line":345,"column":8},"end":{"line":389,"column":9}},"114":{"start":{"line":347,"column":12},"end":{"line":347,"column":38}},"115":{"start":{"line":349,"column":12},"end":{"line":381,"column":13}},"116":{"start":{"line":351,"column":16},"end":{"line":361,"column":17}},"117":{"start":{"line":352,"column":20},"end":{"line":352,"column":67}},"118":{"start":{"line":354,"column":23},"end":{"line":361,"column":17}},"119":{"start":{"line":356,"column":20},"end":{"line":356,"column":47}},"120":{"start":{"line":358,"column":20},"end":{"line":358,"column":45}},"121":{"start":{"line":360,"column":20},"end":{"line":360,"column":77}},"122":{"start":{"line":363,"column":16},"end":{"line":363,"column":28}},"123":{"start":{"line":364,"column":16},"end":{"line":364,"column":27}},"124":{"start":{"line":366,"column":19},"end":{"line":381,"column":13}},"125":{"start":{"line":368,"column":16},"end":{"line":378,"column":17}},"126":{"start":{"line":369,"column":20},"end":{"line":369,"column":79}},"127":{"start":{"line":370,"column":20},"end":{"line":370,"column":32}},"128":{"start":{"line":372,"column":23},"end":{"line":378,"column":17}},"129":{"start":{"line":373,"column":20},"end":{"line":376,"column":45}},"130":{"start":{"line":377,"column":20},"end":{"line":377,"column":26}},"131":{"start":{"line":380,"column":16},"end":{"line":380,"column":27}},"132":{"start":{"line":383,"column":12},"end":{"line":388,"column":13}},"133":{"start":{"line":384,"column":16},"end":{"line":384,"column":22}},"134":{"start":{"line":386,"column":19},"end":{"line":388,"column":13}},"135":{"start":{"line":387,"column":16},"end":{"line":387,"column":28}},"136":{"start":{"line":392,"column":4},"end":{"line":392,"column":19}},"137":{"start":{"line":398,"column":0},"end":{"line":422,"column":1}},"138":{"start":{"line":399,"column":4},"end":{"line":399,"column":19}},"139":{"start":{"line":400,"column":4},"end":{"line":400,"column":17}},"140":{"start":{"line":401,"column":4},"end":{"line":401,"column":19}},"141":{"start":{"line":402,"column":4},"end":{"line":419,"column":5}},"142":{"start":{"line":403,"column":8},"end":{"line":403,"column":44}},"143":{"start":{"line":404,"column":8},"end":{"line":418,"column":9}},"144":{"start":{"line":405,"column":12},"end":{"line":405,"column":51}},"145":{"start":{"line":406,"column":12},"end":{"line":415,"column":13}},"146":{"start":{"line":407,"column":16},"end":{"line":407,"column":61}},"147":{"start":{"line":408,"column":16},"end":{"line":408,"column":55}},"148":{"start":{"line":409,"column":16},"end":{"line":409,"column":97}},"149":{"start":{"line":410,"column":16},"end":{"line":410,"column":31}},"150":{"start":{"line":413,"column":16},"end":{"line":413,"column":25}},"151":{"start":{"line":414,"column":16},"end":{"line":414,"column":22}},"152":{"start":{"line":417,"column":12},"end":{"line":417,"column":18}},"153":{"start":{"line":420,"column":4},"end":{"line":420,"column":39}},"154":{"start":{"line":421,"column":4},"end":{"line":421,"column":26}},"155":{"start":{"line":426,"column":0},"end":{"line":784,"column":1}},"156":{"start":{"line":428,"column":4},"end":{"line":443,"column":18}},"157":{"start":{"line":445,"column":4},"end":{"line":445,"column":40}},"158":{"start":{"line":446,"column":4},"end":{"line":446,"column":56}},"159":{"start":{"line":447,"column":4},"end":{"line":447,"column":69}},"160":{"start":{"line":448,"column":4},"end":{"line":448,"column":49}},"161":{"start":{"line":451,"column":4},"end":{"line":451,"column":59}},"162":{"start":{"line":452,"column":4},"end":{"line":465,"column":7}},"163":{"start":{"line":453,"column":8},"end":{"line":453,"column":38}},"164":{"start":{"line":454,"column":8},"end":{"line":454,"column":35}},"165":{"start":{"line":456,"column":8},"end":{"line":460,"column":9}},"166":{"start":{"line":457,"column":12},"end":{"line":459,"column":13}},"167":{"start":{"line":458,"column":16},"end":{"line":458,"column":97}},"168":{"start":{"line":462,"column":8},"end":{"line":462,"column":103}},"169":{"start":{"line":463,"column":8},"end":{"line":463,"column":36}},"170":{"start":{"line":464,"column":8},"end":{"line":464,"column":90}},"171":{"start":{"line":468,"column":4},"end":{"line":515,"column":5}},"172":{"start":{"line":470,"column":8},"end":{"line":470,"column":28}},"173":{"start":{"line":471,"column":8},"end":{"line":471,"column":67}},"174":{"start":{"line":475,"column":8},"end":{"line":485,"column":9}},"175":{"start":{"line":476,"column":12},"end":{"line":482,"column":13}},"176":{"start":{"line":477,"column":16},"end":{"line":477,"column":57}},"177":{"start":{"line":478,"column":19},"end":{"line":482,"column":13}},"178":{"start":{"line":479,"column":16},"end":{"line":479,"column":80}},"179":{"start":{"line":481,"column":16},"end":{"line":481,"column":44}},"180":{"start":{"line":483,"column":12},"end":{"line":483,"column":111}},"181":{"start":{"line":484,"column":12},"end":{"line":484,"column":21}},"182":{"start":{"line":489,"column":8},"end":{"line":499,"column":9}},"183":{"start":{"line":490,"column":12},"end":{"line":490,"column":39}},"184":{"start":{"line":491,"column":12},"end":{"line":491,"column":111}},"185":{"start":{"line":492,"column":12},"end":{"line":492,"column":22}},"186":{"start":{"line":493,"column":12},"end":{"line":493,"column":37}},"187":{"start":{"line":494,"column":12},"end":{"line":497,"column":14}},"188":{"start":{"line":498,"column":12},"end":{"line":498,"column":21}},"189":{"start":{"line":503,"column":8},"end":{"line":511,"column":9}},"190":{"start":{"line":504,"column":12},"end":{"line":504,"column":54}},"191":{"start":{"line":505,"column":12},"end":{"line":510,"column":13}},"192":{"start":{"line":506,"column":16},"end":{"line":509,"column":17}},"193":{"start":{"line":507,"column":20},"end":{"line":507,"column":45}},"194":{"start":{"line":508,"column":20},"end":{"line":508,"column":119}},"195":{"start":{"line":514,"column":8},"end":{"line":514,"column":65}},"196":{"start":{"line":517,"column":4},"end":{"line":536,"column":5}},"197":{"start":{"line":519,"column":8},"end":{"line":519,"column":53}},"198":{"start":{"line":520,"column":8},"end":{"line":529,"column":11}},"199":{"start":{"line":521,"column":12},"end":{"line":521,"column":62}},"200":{"start":{"line":522,"column":12},"end":{"line":527,"column":15}},"201":{"start":{"line":523,"column":16},"end":{"line":525,"column":17}},"202":{"start":{"line":524,"column":16},"end":{"line":524,"column":30}},"203":{"start":{"line":526,"column":16},"end":{"line":526,"column":26}},"204":{"start":{"line":528,"column":12},"end":{"line":528,"column":22}},"205":{"start":{"line":532,"column":8},"end":{"line":532,"column":46}},"206":{"start":{"line":533,"column":8},"end":{"line":535,"column":11}},"207":{"start":{"line":534,"column":12},"end":{"line":534,"column":38}},"208":{"start":{"line":539,"column":4},"end":{"line":539,"column":43}},"209":{"start":{"line":542,"column":4},"end":{"line":542,"column":34}},"210":{"start":{"line":543,"column":4},"end":{"line":552,"column":7}},"211":{"start":{"line":544,"column":8},"end":{"line":550,"column":10}},"212":{"start":{"line":551,"column":8},"end":{"line":551,"column":74}},"213":{"start":{"line":555,"column":4},"end":{"line":555,"column":84}},"214":{"start":{"line":556,"column":4},"end":{"line":559,"column":7}},"215":{"start":{"line":557,"column":8},"end":{"line":557,"column":33}},"216":{"start":{"line":558,"column":8},"end":{"line":558,"column":129}},"217":{"start":{"line":564,"column":4},"end":{"line":564,"column":47}},"218":{"start":{"line":565,"column":4},"end":{"line":567,"column":7}},"219":{"start":{"line":566,"column":8},"end":{"line":566,"column":61}},"220":{"start":{"line":570,"column":4},"end":{"line":570,"column":62}},"221":{"start":{"line":573,"column":4},"end":{"line":573,"column":60}},"222":{"start":{"line":576,"column":4},"end":{"line":576,"column":62}},"223":{"start":{"line":579,"column":4},"end":{"line":579,"column":128}},"224":{"start":{"line":580,"column":4},"end":{"line":588,"column":7}},"225":{"start":{"line":582,"column":8},"end":{"line":585,"column":11}},"226":{"start":{"line":583,"column":12},"end":{"line":583,"column":43}},"227":{"start":{"line":584,"column":12},"end":{"line":584,"column":83}},"228":{"start":{"line":587,"column":8},"end":{"line":587,"column":29}},"229":{"start":{"line":591,"column":4},"end":{"line":603,"column":7}},"230":{"start":{"line":592,"column":8},"end":{"line":592,"column":20}},"231":{"start":{"line":593,"column":8},"end":{"line":601,"column":11}},"232":{"start":{"line":594,"column":12},"end":{"line":594,"column":52}},"233":{"start":{"line":595,"column":12},"end":{"line":600,"column":13}},"234":{"start":{"line":596,"column":16},"end":{"line":596,"column":43}},"235":{"start":{"line":597,"column":16},"end":{"line":597,"column":84}},"236":{"start":{"line":599,"column":16},"end":{"line":599,"column":30}},"237":{"start":{"line":602,"column":8},"end":{"line":602,"column":45}},"238":{"start":{"line":606,"column":4},"end":{"line":606,"column":50}},"239":{"start":{"line":609,"column":4},"end":{"line":611,"column":7}},"240":{"start":{"line":610,"column":8},"end":{"line":610,"column":55}},"241":{"start":{"line":614,"column":4},"end":{"line":620,"column":5}},"242":{"start":{"line":615,"column":8},"end":{"line":615,"column":75}},"243":{"start":{"line":616,"column":8},"end":{"line":616,"column":75}},"244":{"start":{"line":619,"column":8},"end":{"line":619,"column":52}},"245":{"start":{"line":623,"column":4},"end":{"line":623,"column":45}},"246":{"start":{"line":624,"column":4},"end":{"line":626,"column":7}},"247":{"start":{"line":625,"column":8},"end":{"line":625,"column":42}},"248":{"start":{"line":629,"column":4},"end":{"line":629,"column":50}},"249":{"start":{"line":630,"column":4},"end":{"line":632,"column":7}},"250":{"start":{"line":631,"column":8},"end":{"line":631,"column":42}},"251":{"start":{"line":635,"column":4},"end":{"line":635,"column":109}},"252":{"start":{"line":636,"column":4},"end":{"line":638,"column":7}},"253":{"start":{"line":637,"column":8},"end":{"line":637,"column":38}},"254":{"start":{"line":641,"column":4},"end":{"line":641,"column":190}},"255":{"start":{"line":642,"column":4},"end":{"line":644,"column":7}},"256":{"start":{"line":643,"column":8},"end":{"line":643,"column":38}},"257":{"start":{"line":647,"column":4},"end":{"line":647,"column":70}},"258":{"start":{"line":648,"column":4},"end":{"line":648,"column":66}},"259":{"start":{"line":651,"column":4},"end":{"line":651,"column":131}},"260":{"start":{"line":652,"column":4},"end":{"line":654,"column":7}},"261":{"start":{"line":653,"column":8},"end":{"line":653,"column":44}},"262":{"start":{"line":658,"column":4},"end":{"line":658,"column":182}},"263":{"start":{"line":659,"column":4},"end":{"line":661,"column":7}},"264":{"start":{"line":660,"column":8},"end":{"line":660,"column":37}},"265":{"start":{"line":665,"column":4},"end":{"line":665,"column":52}},"266":{"start":{"line":668,"column":4},"end":{"line":668,"column":60}},"267":{"start":{"line":671,"column":4},"end":{"line":671,"column":44}},"268":{"start":{"line":674,"column":4},"end":{"line":674,"column":154}},"269":{"start":{"line":677,"column":4},"end":{"line":677,"column":144}},"270":{"start":{"line":680,"column":4},"end":{"line":680,"column":57}},"271":{"start":{"line":681,"column":4},"end":{"line":681,"column":55}},"272":{"start":{"line":682,"column":4},"end":{"line":682,"column":53}},"273":{"start":{"line":686,"column":4},"end":{"line":686,"column":160}},"274":{"start":{"line":687,"column":4},"end":{"line":689,"column":7}},"275":{"start":{"line":688,"column":8},"end":{"line":688,"column":46}},"276":{"start":{"line":692,"column":4},"end":{"line":692,"column":59}},"277":{"start":{"line":696,"column":4},"end":{"line":696,"column":46}},"278":{"start":{"line":697,"column":4},"end":{"line":711,"column":7}},"279":{"start":{"line":698,"column":8},"end":{"line":698,"column":34}},"280":{"start":{"line":699,"column":8},"end":{"line":699,"column":23}},"281":{"start":{"line":700,"column":8},"end":{"line":709,"column":9}},"282":{"start":{"line":701,"column":12},"end":{"line":701,"column":45}},"283":{"start":{"line":702,"column":12},"end":{"line":704,"column":13}},"284":{"start":{"line":703,"column":16},"end":{"line":703,"column":32}},"285":{"start":{"line":705,"column":12},"end":{"line":707,"column":13}},"286":{"start":{"line":706,"column":16},"end":{"line":706,"column":26}},"287":{"start":{"line":708,"column":12},"end":{"line":708,"column":41}},"288":{"start":{"line":710,"column":8},"end":{"line":710,"column":24}},"289":{"start":{"line":714,"column":4},"end":{"line":714,"column":41}},"290":{"start":{"line":717,"column":4},"end":{"line":717,"column":63}},"291":{"start":{"line":720,"column":4},"end":{"line":720,"column":67}},"292":{"start":{"line":721,"column":4},"end":{"line":721,"column":67}},"293":{"start":{"line":722,"column":4},"end":{"line":722,"column":68}},"294":{"start":{"line":723,"column":4},"end":{"line":723,"column":69}},"295":{"start":{"line":724,"column":4},"end":{"line":724,"column":69}},"296":{"start":{"line":725,"column":4},"end":{"line":725,"column":67}},"297":{"start":{"line":726,"column":4},"end":{"line":726,"column":69}},"298":{"start":{"line":727,"column":4},"end":{"line":727,"column":69}},"299":{"start":{"line":730,"column":4},"end":{"line":730,"column":107}},"300":{"start":{"line":731,"column":4},"end":{"line":733,"column":7}},"301":{"start":{"line":732,"column":8},"end":{"line":732,"column":44}},"302":{"start":{"line":736,"column":4},"end":{"line":736,"column":105}},"303":{"start":{"line":740,"column":4},"end":{"line":740,"column":104}},"304":{"start":{"line":743,"column":4},"end":{"line":743,"column":54}},"305":{"start":{"line":746,"column":4},"end":{"line":746,"column":60}},"306":{"start":{"line":751,"column":4},"end":{"line":765,"column":5}},"307":{"start":{"line":752,"column":8},"end":{"line":759,"column":9}},"308":{"start":{"line":753,"column":12},"end":{"line":753,"column":34}},"309":{"start":{"line":754,"column":12},"end":{"line":754,"column":25}},"310":{"start":{"line":755,"column":12},"end":{"line":758,"column":13}},"311":{"start":{"line":756,"column":16},"end":{"line":756,"column":42}},"312":{"start":{"line":757,"column":16},"end":{"line":757,"column":26}},"313":{"start":{"line":760,"column":8},"end":{"line":762,"column":9}},"314":{"start":{"line":761,"column":12},"end":{"line":761,"column":38}},"315":{"start":{"line":764,"column":8},"end":{"line":764,"column":35}},"316":{"start":{"line":769,"column":4},"end":{"line":769,"column":43}},"317":{"start":{"line":772,"column":4},"end":{"line":772,"column":50}},"318":{"start":{"line":775,"column":4},"end":{"line":777,"column":5}},"3
[...]
ptions) {","","    var startIndex,","        comments = [],","        preservedTokens = [],","        token,","        len = content.length,","        pattern,","        quote,","        rgbcolors,","        hexcolor,","        placeholder,","        val,","        i,","        c,","        line = [],","        lines = [],","        vars = {};","","    options = options || defaultOptions;","    content = extractDataUrls(content, preservedTokens);","    content = convertRelativeUrls(content, options, preservedTokens);","    content = collectComments(content, comments);","","    // preserve strings so their content doesn't get accidentally minified","    pattern = /(\"([^\\\\\"]|\\\\.|\\\\)*\")|('([^\\\\']|\\\\.|\\\\)*')/g;","    content = content.replace(pattern, function (token) {","        quote = token.substring(0, 1);","        token = token.slice(1, -1);","        // maybe the string contains a comment-like substring or more? put'em back then","        if (token.indexOf(\"___PRESERVE_CANDIDATE_COMMENT_\") >= 0) {","            for (i = 0, len = comments.length; i < len; i += 1) {","                token = token.replace(\"___PRESERVE_CANDIDATE_COMMENT_\" + i + \"___\", comments[i]);","            }","        }","        // minify alpha opacity in filter strings","        token = token.replace(/progid:DXImageTransform.Microsoft.Alpha\\(Opacity=/gi, \"alpha(opacity=\");","        preservedTokens.push(token);","        return quote + ___PRESERVED_TOKEN_ + (preservedTokens.length - 1) + \"___\" + quote;","    });","","    // strings are safe, now wrestle the comments","    for (i = 0, len = comments.length; i < len; i += 1) {","","        token = comments[i];","        placeholder = \"___PRESERVE_CANDIDATE_COMMENT_\" + i + \"___\";","","        // ! in the first position of the comment means preserve","        // so push to the preserved tokens keeping the !","        if (token.charAt(0) === \"!\") {","            if (options.cuteComments) {","                preservedTokens.push(token.substring(1));","            } else if (options.uglyComments) {","                preservedTokens.push(token.substring(1).replace(/[\\r\\n]/g, ''));","            } else {","                preservedTokens.push(token);","            }","            content = content.replace(placeholder, ___PRESERVED_TOKEN_ + (preservedTokens.length - 1) + \"___\");","            continue;","        }","","        // \\ in the last position looks like hack for Mac/IE5","        // shorten that to /*\\*/ and the next one to /**/","        if (token.charAt(token.length - 1) === \"\\\\\") {","            preservedTokens.push(\"\\\\\");","            content = content.replace(placeholder, ___PRESERVED_TOKEN_ + (preservedTokens.length - 1) + \"___\");","            i = i + 1; // attn: advancing the loop","            preservedTokens.push(\"\");","            content = content.replace(","                \"___PRESERVE_CANDIDATE_COMMENT_\" + i + \"___\",","                ___PRESERVED_TOKEN_ + (preservedTokens.length - 1) + \"___\"","            );","            continue;","        }","","        // keep empty comments after child selectors (IE7 hack)","        // e.g. html >/**/ body","        if (token.length === 0) {","            startIndex = content.indexOf(placeholder);","            if (startIndex > 2) {","                if (content.charAt(startIndex - 3) === '>') {","                    preservedTokens.push(\"\");","                    content = content.replace(placeholder, ___PRESERVED_TOKEN_ + (preservedTokens.length - 1) + \"___\");","                }","            }","        }","","        // in all other cases kill the comment","        content = content.replace(\"/*\" + placeholder + \"*/\", \"\");","    }","","    if (options.expandVars) {","        // parse simple @variables blocks and remove them","        pattern = /@variables\\s*\\{\\s*([^\\}]+)\\s*\\}/g;","        content = content.replace(pattern, function (ignore, f1) {","            pattern = /\\s*([a-z0-9\\-]+)\\s*:\\s*([^;\\}]+)\\s*/gi;","            f1.replace(pattern, function (ignore, f1, f2) {","                if (f1 && f2) {","                vars[f1] = f2;","                }","                return '';","            });","            return '';","        });","","        // replace var(x) with the value of x","        pattern = /var\\s*\\(\\s*([^\\)]+)\\s*\\)/g;","        content = content.replace(pattern, function (ignore, f1) {","            return vars[f1] || 'none';","        });","    }","","    // normalize all whitespace strings to single spaces. Easier to work with that way.","    content = content.replace(/\\s+/g, \" \");","","    // preserve formulas in calc() before removing spaces","    pattern = /calc\\(([^;}]*)\\)/g;","    content = content.replace(pattern, function (ignore, f1) {","        preservedTokens.push(","            'calc(' +","                f1.replace(/(^\\s*|\\s*$)/g, \"\")","                  .replace(/\\( /g, \"(\")","                  .replace(/ \\)/g, \")\") +","            ')'","        );","        return ___PRESERVED_TOKEN_ + (preservedTokens.length - 1) + \"___\";","    });","","    // preserve matrix","    pattern = /\\s*filter:\\s*progid:DXImageTransform.Microsoft.Matrix\\(([^\\)]+)\\);/g;","    content = content.replace(pattern, function (ignore, f1) {","        preservedTokens.push(f1);","        return \"filter:progid:DXImageTransform.Microsoft.Matrix(\" + ___PRESERVED_TOKEN_ + (preservedTokens.length - 1) + \"___);\";","    });","","    // remove the spaces before the things that should not have spaces before them.","    // but, be careful not to turn \"p :link {...}\" into \"p:link{...}\"","    // swap out any pseudo-class colons with the token, and then swap back.","    pattern = /(^|\\})(([^\\{:])+:)+([^\\{]*\\{)/g;","    content = content.replace(pattern, function (token) {","        return token.replace(/:/g, \"___PSEUDOCLASSCOLON___\");","    });","","    // remove spaces before the things that should not have spaces before them.","    content = content.replace(/\\s+([!{};:>+\\(\\)\\],])/g, \"$1\");","","    // restore spaces for !important","    content = content.replace(/!important/g, \" !important\");","","    // bring back the colon","    content = content.replace(/___PSEUDOCLASSCOLON___/g, \":\");","","    // preserve 0 followed by a time unit for properties using time units","    pattern = /\\s*(animation|animation-delay|animation-duration|transition|transition-delay|transition-duration):\\s*([^;}]+)/gi;","    content = content.replace(pattern, function (ignore, f1, f2) {","","        f2 = f2.replace(/(^|\\D)0?\\.?0(m?s)/gi, function (ignore, g1, g2) {","            preservedTokens.push('0' + g2);","            return g1 + ___PRESERVED_TOKEN_ + (preservedTokens.length - 1) + \"___\";","        });","","        return f1 + \":\" + f2;","    });","","    // preserve 0% in hsl and hsla color definitions","    content = content.replace(/(hsla?)\\(([^)]+)\\)/g, function (ignore, f1, f2) {","        var f0 = [];","        f2.split(',').forEach(function (part) {","            part = part.replace(/(^\\s+|\\s+$)/g, \"\");","            if (part === '0%') {","                preservedTokens.push('0%');","                f0.push(___PRESERVED_TOKEN_ + (preservedTokens.length - 1) + \"___\");","            } else {","                f0.push(part);","            }","        });","        return f1 + '(' + f0.join(',') + ')';","    });","","    // preserve 0 followed by unit in keyframes steps (WIP)","    content = keyframes(content, preservedTokens);","","    // retain space for special IE6 cases","    content = content.replace(/:first-(line|letter)(\\{|,)/gi, function (ignore, f1, f2) {","        return \":first-\" + f1.toLowerCase() + \" \" + f2;","    });","","    // newlines before and after the end of a preserved comment","    if (options.cuteComments) {","        content = content.replace(/\\s*\\/\\*/g, \"___PRESERVED_NEWLINE___/*\");","        content = content.replace(/\\*\\/\\s*/g, \"*/___PRESERVED_NEWLINE___\");","    // no space after the end of a preserved comment","    } else {","        content = content.replace(/\\*\\/\\s*/g, '*/');","    }","","    // If there are multiple @charset directives, push them to the top of the file.","    pattern = /^(.*)(@charset)( \"[^\"]*\";)/gi;","    content = content.replace(pattern, function (ignore, f1, f2, f3) {","        return f2.toLowerCase() + f3 + f1;","    });","","    // When all @charset are at the top, remove the second and after (as they are completely ignored).","    pattern = /^((\\s*)(@charset)( [^;]+;\\s*))+/gi;","    content = content.replace(pattern, function (ignore, ignore2, f2, f3, f4) {","        return f2 + f3.toLowerCase() + f4;","    });","","    // lowercase some popular @directives (@charset is done right above)","    pattern = /@(font-face|import|(?:-(?:atsc|khtml|moz|ms|o|wap|webkit)-)?keyframe|media|page|namespace)/gi;","    content = content.replace(pattern, function (ignore, f1) {","        return '@' + f1.toLowerCase();","    });","","    // lowercase some more common pseudo-elements","    pattern = /:(active|after|before|checked|disabled|empty|enabled|first-(?:child|of-type)|focus|hover|last-(?:child|of-type)|link|only-(?:child|of-type)|root|:selection|target|visited)/gi;","    content = content.replace(pattern, function (ignore, f1) {","        return ':' + f1.toLowerCase();","    });","","    // if there is a @charset, then only allow one, and push to the top of the file.","    content = content.replace(/^(.*)(@charset \\\"[^\\\"]*\\\";)/g, \"$2$1\");","    content = content.replace(/^(\\s*@charset [^;]+;\\s*)+/g, \"$1\");","","    // lowercase some more common functions","    pattern = /:(lang|not|nth-child|nth-last-child|nth-last-of-type|nth-of-type|(?:-(?:atsc|khtml|moz|ms|o|wap|webkit)-)?any)\\(/gi;","    content = content.replace(pattern, function (ignore, f1) {","        return ':' + f1.toLowerCase() + '(';","    });","","    // lower case some common function that can be values","    // NOTE: rgb() isn't useful as we replace with #hex later, as well as and() is already done for us right after this","    pattern = /([:,\\( ]\\s*)(attr|color-stop|from|rgba|to|url|(?:-(?:atsc|khtml|moz|ms|o|wap|webkit)-)?(?:calc|max|min|(?:repeating-)?(?:linear|radial)-gradient)|-webkit-gradient)/gi;","    content = content.replace(pattern, function (ignore, f1, f2) {","        return f1 + f2.toLowerCase();","    });","","    // put the space back in some cases, to support stuff like","    // @media screen and (-webkit-min-device-pixel-ratio:0){","    content = content.replace(/\\band\\(/gi, \"and (\");","","    // remove the spaces after the things that should not have spaces after them.","    content = content.replace(/([!{}:;>+\\(\\[,])\\s+/g, \"$1\");","","    // remove unnecessary semicolons","    content = content.replace(/;+\\}/g, \"}\");","","    // replace 0(px,em,%) with 0.","    content = content.replace(/(^|[^.0-9\\\\])(?:0?\\.)?0(?:ex|ch|r?em|vw|vh|vmin|vmax|cm|mm|in|pt|pc|px|deg|g?rad|turn|m?s|k?Hz|dpi|dpcm|dppx|%)/gi, \"$10\");","","    // Replace x.0(px,em,%) with x(px,em,%).","    content = content.replace(/([0-9])\\.0(ex|ch|r?em|vw|vh|vmin|vmax|cm|mm|in|pt|pc|px|deg|g?rad|turn|m?s|k?Hz|dpi|dpcm|dppx|%| |;)/gi, \"$1$2\");","","    // replace 0 0 0 0; with 0.","    content = content.replace(/:0 0 0 0(;|\\})/g, \":0$1\");","    content = content.replace(/:0 0 0(;|\\})/g, \":0$1\");","    content = content.replace(/:0 0(;|\\})/g, \":0$1\");","","    // replace background-position:0; with background-position:0 0;","    // same for transform-origin and box-shadow","    pattern = /(background-position|transform-origin|webkit-transform-origin|moz-transform-origin|o-transform-origin|ms-transform-origin|box-shadow):0(;|\\})/gi;","    content = content.replace(pattern, function (ignore, f1, f2) {","        return f1.toLowerCase() + \":0 0\" + f2;","    });","","    // replace 0.6 to .6, but only when preceded by : or a white-space","    content = content.replace(/(:|\\s)0+\\.(\\d+)/g, \"$1.$2\");","","    // shorten colors from rgb(51,102,153) to #336699","    // this makes it more likely that it'll get further compressed in the next step.","    pattern = /rgb\\s*\\(\\s*([0-9,\\s]+)\\s*\\)/gi;","    content = content.replace(pattern, function (ignore, f1) {","        rgbcolors = f1.split(\",\");","        hexcolor = \"#\";","        for (i = 0; i < rgbcolors.length; i += 1) {","            val = parseInt(rgbcolors[i], 10);","            if (val < 16) {","                hexcolor += \"0\";","            }","            if (val > 255) {","                val = 255;","            }","            hexcolor += val.toString(16);","        }","        return hexcolor;","    });","","    // Shorten colors from #AABBCC to #ABC.","    content = compressHexColors(content);","","    // Replace #f00 -> red","    content = content.replace(/(:|\\s)(#f00)(;|})/g, \"$1red$3\");","","    // Replace other short color keywords","    content = content.replace(/(:|\\s)(#000080)(;|})/g, \"$1navy$3\");","    content = content.replace(/(:|\\s)(#808080)(;|})/g, \"$1gray$3\");","    content = content.replace(/(:|\\s)(#808000)(;|})/g, \"$1olive$3\");","    content = content.replace(/(:|\\s)(#800080)(;|})/g, \"$1purple$3\");","    content = content.replace(/(:|\\s)(#c0c0c0)(;|})/g, \"$1silver$3\");","    content = content.replace(/(:|\\s)(#008080)(;|})/g, \"$1teal$3\");","    content = content.replace(/(:|\\s)(#ffa500)(;|})/g, \"$1orange$3\");","    content = content.replace(/(:|\\s)(#800000)(;|})/g, \"$1maroon$3\");","","    // border: none -> border:0","    pattern = /(border|border-top|border-right|border-bottom|border-left|outline|background):none(;|\\})/gi;","    content = content.replace(pattern, function (ignore, f1, f2) {","        return f1.toLowerCase() + \":0\" + f2;","    });","","    // shorter opacity IE filter","    content = content.replace(/progid:DXImageTransform\\.Microsoft\\.Alpha\\(Opacity=/gi, \"alpha(opacity=\");","","    // Find a fraction that is used for Opera's -o-device-pixel-ratio query","    // Add token to add the \"\\\" back in later","    content = content.replace(/\\(([\\-A-Za-z]+):([0-9]+)\\/([0-9]+)\\)/g, \"($1:$2___QUERY_FRACTION___$3)\");","","    // remove empty rules.","    content = content.replace(/[^\\};\\{\\/]+\\{\\}/g, \"\");","","    // Add \"\\\" back to fix Opera -o-device-pixel-ratio query","    content = content.replace(/___QUERY_FRACTION___/g, \"/\");","","    // some source control tools don't like it when files containing lines longer","    // than, say 8000 characters, are checked in. The linebreak option is used in","    // that case to split long lines after a specific column.","    if (options.maxLineLen > 0) {","        for (i = 0, len = content.length; i < len; i += 1) {","            c = content.charAt(i);","            line.push(c);","            if (c === '}' && line.length > options.maxLineLen) {","                lines.push(line.join(''));","                line = [];","            }","        }","        if (line.length) {","            lines.push(line.join(''));","        }","","        content = lines.join('\\n');","    }","","    // replace multiple semi-colons in a row by a single one","    // see SF bug #1980989","    content = content.replace(/;;+/g, \";\");","","    // trim the final string (for any leading or trailing white spaces)","    content = content.replace(/(^\\s*|\\s*$)/g, \"\");","","    // restore preserved tokens","    for (i = preservedTokens.length - 1; i >= 0 ; i--) {","        content = content.replace(___PRESERVED_TOKEN_ + i + \"___\", preservedTokens[i], \"g\");","    }","","    // restore preserved newlines","    content = content.replace(/___PRESERVED_NEWLINE___/g, '\\n');","","    // return","    return content;","}","","// Uglify CSS files","","function processFiles(filenames, options) {","","    var nFiles = filenames.length,","        uglies = [],","        index,","        filename,","        content;","","    options = options || defaultOptions;","","    if (options.convertUrls) {","        options.target = path.resolve(process.cwd(), options.convertUrls).split(PATH_SEP);","    }","","    // process files","    for (index = 0; index < nFiles; index += 1) {","        filename = filenames[index];","        try {","            content = fs.readFileSync(filename, 'utf8');","            if (content.length) {","                if (options.convertUrls) {","                    options.source = path.resolve(process.cwd(), filename).split(PATH_SEP);","                    options.source.pop();","                }","                uglies.push(processString(content, options));","            }","        } catch (e) {","            if (options.debug) {","                console.error('uglifycss: unable to process \"' + filename + '\"\\n' + e.stack);","            } else {","                console.error('uglifycss: unable to process \"' + filename + '\"\\n\\t' + e);","            }","            process.exit(1);","        }","    }","","    // return concat'd results","    return uglies.join('');","}","","module.exports = {","    defaultOptions: defaultOptions,","    processString: processString,","    processFiles: processFiles","};",""],"l":{"29":1,"30":1,"32":1,"33":1,"34":1,"36":1,"56":1,"58":0,"78":0,"80":0,"81":0,"83":0,"84":0,"87":0,"89":0,"91":0,"92":0,"95":0,"96":0,"97":0,"98":0,"104":0,"106":0,"108":0,"109":0,"111":0,"112":0,"113":0,"114":0,"117":0,"120":0,"121":0,"122":0,"124":0,"127":0,"128":0,"129":0,"132":0,"133":0,"135":0,"138":0,"141":0,"143":0,"144":0,"147":0,"150":0,"154":0,"155":0,"159":0,"161":0,"175":1,"178":0,"195":0,"197":0,"198":0,"200":0,"201":0,"204":0,"206":0,"208":0,"209":0,"212":0,"213":0,"214":0,"215":0,"221":0,"223":0,"225":0,"226":0,"227":0,"228":0,"230":0,"231":0,"232":0,"235":0,"237":0,"238":0,"240":0,"243":0,"244":0,"248":0,"250":0,"270":1,"273":0,"279":0,"281":0,"283":0,"285":0,"287":0,"289":0,"294":0,"297":0,"301":0,"304":0,"306":0,"311":1,"313":0,"322":0,"323":0,"324":0,"325":0,"326":0,"330":0,"332":0,"333":0,"335":0,"336":0,"337":0,"340":0,"341":0,"342":0,"343":0,"345":0,"347":0,"349":0,"351":0,"352":0,"354":0,"356":0,"358":0,"360":0,"363":0,"364":0,"366":0,"368":0,"369":0,"370":0,"372":0,"373":0,"377":0,"380":0,"383":0,"384":0,"386":0,"387":0,"392":0,"398":1,"399":0,"400":0,"401":0,"402":0,"403":0,"404":0,"405":0,"406":0,"407":0,"408":0,"409":0,"410":0,"413":0,"414":0,"417":0,"420":0,"421":0,"426":1,"428":0,"445":0,"446":0,"447":0,"448":0,"451":0,"452":0,"453":0,"454":0,"456":0,"457":0,"458":0,"462":0,"463":0,"464":0,"468":0,"470":0,"471":0,"475":0,"476":0,"477":0,"478":0,"479":0,"481":0,"483":0,"484":0,"489":0,"490":0,"491":0,"492":0,"493":0,"494":0,"498":0,"503":0,"504":0,"505":0,"506":0,"507":0,"508":0,"514":0,"517":0,"519":0,"520":0,"521":0,"522":0,"523":0,"524":0,"526":0,"528":0,"532":0,"533":0,"534":0,"539":0,"542":0,"543":0,"544":0,"551":0,"555":0,"556":0,"557":0,"558":0,"564":0,"565":0,"566":0,"570":0,"573":0,"576":0,"579":0,"580":0,"582":0,"583":0,"584":0,"587":0,"591":0,"592":0,"593":0,"594":0,"595":0,"596":0,"597":0,"599":0,"602":0,"606":0,"609":0,"610":0,"614":0,"615":0,"616":0,"619":0,"623":0,"624":0,"625":0,"629":0,"630":0,"631":0,"635":0,"636":0,"637":0,"641":0,"642":0,"643":0,"647":0,"648":0,"651":0,"652":0,"653":0,"658":0,"659":0,"660":0,"665":0,"668":0,"671":0,"674":0,"677":0,"680":0,"681":0,"682":0,"686":0,"687":0,"688":0,"692":0,"696":0,"697":0,"698":0,"699":0,"700":0,"701":0,"702":0,"703":0,"705":0,"706":0,"708":0,"710":0,"714":0,"717":0,"720":0,"721":0,"722":0,"723":0,"724":0,"725":0,"726":0,"727":0,"730":0,"731":0,"732":0,"736":0,"740":0,"743":0,"746":0,"751":0,"752":0,"753":0,"754":0,"755":0,"756":0,"757":0,"760":0,"761":0,"764":0,"769":0,"772":0,"775":0,"776":0,"780":0,"783":0,"788":1,"790":0,"796":0,"798":0,"799":0,"803":0,"804":0,"805":0,"806":0,"807":0,"808":0,"809":0,"810":0,"812":0,"815":0,"816":0,"818":0,"820":0,"825":0,"828":1}}}